{"C:\\dev\\prj\\Github\\SecuShare\\frontend\\src\\services\\api.ts": {"path":"C:\\dev\\prj\\Github\\SecuShare\\frontend\\src\\services\\api.ts","statementMap":{"0":{"start":{"line":19,"column":17},"end":{"line":19,"column":null}},"1":{"start":{"line":20,"column":0},"end":{"line":22,"column":null}},"2":{"start":{"line":21,"column":2},"end":{"line":21,"column":null}},"3":{"start":{"line":24,"column":27},"end":{"line":24,"column":null}},"4":{"start":{"line":25,"column":26},"end":{"line":25,"column":null}},"5":{"start":{"line":28,"column":33},"end":{"line":28,"column":null}},"6":{"start":{"line":29,"column":37},"end":{"line":29,"column":null}},"7":{"start":{"line":32,"column":4},"end":{"line":32,"column":null}},"8":{"start":{"line":33,"column":4},"end":{"line":37,"column":null}},"9":{"start":{"line":34,"column":6},"end":{"line":34,"column":null}},"10":{"start":{"line":36,"column":6},"end":{"line":36,"column":null}},"11":{"start":{"line":41,"column":4},"end":{"line":43,"column":null}},"12":{"start":{"line":42,"column":6},"end":{"line":42,"column":null}},"13":{"start":{"line":44,"column":4},"end":{"line":44,"column":null}},"14":{"start":{"line":48,"column":4},"end":{"line":48,"column":null}},"15":{"start":{"line":52,"column":4},"end":{"line":58,"column":null}},"16":{"start":{"line":54,"column":20},"end":{"line":54,"column":null}},"17":{"start":{"line":55,"column":6},"end":{"line":57,"column":null}},"18":{"start":{"line":56,"column":8},"end":{"line":56,"column":null}},"19":{"start":{"line":59,"column":4},"end":{"line":59,"column":null}},"20":{"start":{"line":63,"column":23},"end":{"line":63,"column":null}},"21":{"start":{"line":64,"column":22},"end":{"line":64,"column":null}},"22":{"start":{"line":64,"column":39},"end":{"line":64,"column":59}},"23":{"start":{"line":66,"column":4},"end":{"line":83,"column":null}},"24":{"start":{"line":67,"column":23},"end":{"line":71,"column":null}},"25":{"start":{"line":72,"column":6},"end":{"line":72,"column":null}},"26":{"start":{"line":74,"column":6},"end":{"line":76,"column":null}},"27":{"start":{"line":75,"column":8},"end":{"line":75,"column":null}},"28":{"start":{"line":77,"column":6},"end":{"line":79,"column":null}},"29":{"start":{"line":78,"column":8},"end":{"line":78,"column":null}},"30":{"start":{"line":80,"column":6},"end":{"line":80,"column":null}},"31":{"start":{"line":82,"column":6},"end":{"line":82,"column":null}},"32":{"start":{"line":87,"column":44},"end":{"line":90,"column":null}},"33":{"start":{"line":92,"column":4},"end":{"line":94,"column":null}},"34":{"start":{"line":93,"column":6},"end":{"line":93,"column":null}},"35":{"start":{"line":97,"column":10},"end":{"line":97,"column":null}},"36":{"start":{"line":98,"column":4},"end":{"line":103,"column":null}},"37":{"start":{"line":99,"column":19},"end":{"line":99,"column":null}},"38":{"start":{"line":100,"column":6},"end":{"line":102,"column":null}},"39":{"start":{"line":101,"column":8},"end":{"line":101,"column":null}},"40":{"start":{"line":105,"column":21},"end":{"line":109,"column":null}},"41":{"start":{"line":111,"column":4},"end":{"line":114,"column":null}},"42":{"start":{"line":112,"column":19},"end":{"line":112,"column":null}},"43":{"start":{"line":112,"column":54},"end":{"line":112,"column":82}},"44":{"start":{"line":113,"column":6},"end":{"line":113,"column":null}},"45":{"start":{"line":116,"column":17},"end":{"line":116,"column":null}},"46":{"start":{"line":117,"column":4},"end":{"line":117,"column":null}},"47":{"start":{"line":122,"column":4},"end":{"line":125,"column":null}},"48":{"start":{"line":129,"column":19},"end":{"line":132,"column":null}},"49":{"start":{"line":133,"column":4},"end":{"line":135,"column":null}},"50":{"start":{"line":134,"column":6},"end":{"line":134,"column":null}},"51":{"start":{"line":136,"column":4},"end":{"line":136,"column":null}},"52":{"start":{"line":140,"column":15},"end":{"line":140,"column":null}},"53":{"start":{"line":141,"column":4},"end":{"line":146,"column":null}},"54":{"start":{"line":145,"column":76},"end":{"line":145,"column":87}},"55":{"start":{"line":148,"column":4},"end":{"line":165,"column":null}},"56":{"start":{"line":149,"column":21},"end":{"line":152,"column":null}},"57":{"start":{"line":153,"column":6},"end":{"line":157,"column":null}},"58":{"start":{"line":158,"column":6},"end":{"line":160,"column":null}},"59":{"start":{"line":159,"column":8},"end":{"line":159,"column":null}},"60":{"start":{"line":161,"column":6},"end":{"line":161,"column":null}},"61":{"start":{"line":163,"column":6},"end":{"line":163,"column":null}},"62":{"start":{"line":164,"column":6},"end":{"line":164,"column":null}},"63":{"start":{"line":173,"column":4},"end":{"line":176,"column":null}},"64":{"start":{"line":183,"column":19},"end":{"line":186,"column":null}},"65":{"start":{"line":187,"column":4},"end":{"line":189,"column":null}},"66":{"start":{"line":188,"column":6},"end":{"line":188,"column":null}},"67":{"start":{"line":190,"column":4},"end":{"line":190,"column":null}},"68":{"start":{"line":198,"column":15},"end":{"line":198,"column":null}},"69":{"start":{"line":199,"column":4},"end":{"line":204,"column":null}},"70":{"start":{"line":203,"column":76},"end":{"line":203,"column":87}},"71":{"start":{"line":206,"column":4},"end":{"line":220,"column":null}},"72":{"start":{"line":207,"column":21},"end":{"line":210,"column":null}},"73":{"start":{"line":211,"column":6},"end":{"line":215,"column":null}},"74":{"start":{"line":216,"column":6},"end":{"line":216,"column":null}},"75":{"start":{"line":218,"column":6},"end":{"line":218,"column":null}},"76":{"start":{"line":219,"column":6},"end":{"line":219,"column":null}},"77":{"start":{"line":228,"column":15},"end":{"line":228,"column":null}},"78":{"start":{"line":229,"column":4},"end":{"line":233,"column":null}},"79":{"start":{"line":235,"column":4},"end":{"line":252,"column":null}},"80":{"start":{"line":236,"column":21},"end":{"line":239,"column":null}},"81":{"start":{"line":240,"column":6},"end":{"line":244,"column":null}},"82":{"start":{"line":245,"column":6},"end":{"line":247,"column":null}},"83":{"start":{"line":246,"column":8},"end":{"line":246,"column":null}},"84":{"start":{"line":248,"column":6},"end":{"line":248,"column":null}},"85":{"start":{"line":250,"column":6},"end":{"line":250,"column":null}},"86":{"start":{"line":251,"column":6},"end":{"line":251,"column":null}},"87":{"start":{"line":256,"column":19},"end":{"line":258,"column":null}},"88":{"start":{"line":259,"column":4},"end":{"line":261,"column":null}},"89":{"start":{"line":260,"column":6},"end":{"line":260,"column":null}},"90":{"start":{"line":262,"column":4},"end":{"line":262,"column":null}},"91":{"start":{"line":266,"column":4},"end":{"line":266,"column":null}},"92":{"start":{"line":270,"column":4},"end":{"line":270,"column":null}},"93":{"start":{"line":285,"column":21},"end":{"line":285,"column":null}},"94":{"start":{"line":286,"column":17},"end":{"line":286,"column":null}},"95":{"start":{"line":287,"column":4},"end":{"line":287,"column":null}},"96":{"start":{"line":288,"column":4},"end":{"line":288,"column":null}},"97":{"start":{"line":289,"column":4},"end":{"line":289,"column":null}},"98":{"start":{"line":290,"column":4},"end":{"line":290,"column":null}},"99":{"start":{"line":291,"column":4},"end":{"line":291,"column":null}},"100":{"start":{"line":292,"column":4},"end":{"line":292,"column":null}},"101":{"start":{"line":293,"column":4},"end":{"line":293,"column":null}},"102":{"start":{"line":295,"column":44},"end":{"line":295,"column":null}},"103":{"start":{"line":296,"column":4},"end":{"line":298,"column":null}},"104":{"start":{"line":297,"column":6},"end":{"line":297,"column":null}},"105":{"start":{"line":299,"column":17},"end":{"line":299,"column":null}},"106":{"start":{"line":300,"column":4},"end":{"line":302,"column":null}},"107":{"start":{"line":301,"column":6},"end":{"line":301,"column":null}},"108":{"start":{"line":304,"column":21},"end":{"line":308,"column":null}},"109":{"start":{"line":310,"column":4},"end":{"line":313,"column":null}},"110":{"start":{"line":311,"column":19},"end":{"line":311,"column":null}},"111":{"start":{"line":311,"column":54},"end":{"line":311,"column":81}},"112":{"start":{"line":312,"column":6},"end":{"line":312,"column":null}},"113":{"start":{"line":315,"column":4},"end":{"line":315,"column":null}},"114":{"start":{"line":319,"column":4},"end":{"line":319,"column":null}},"115":{"start":{"line":323,"column":4},"end":{"line":325,"column":null}},"116":{"start":{"line":335,"column":4},"end":{"line":338,"column":null}},"117":{"start":{"line":342,"column":4},"end":{"line":342,"column":null}},"118":{"start":{"line":346,"column":44},"end":{"line":348,"column":null}},"119":{"start":{"line":349,"column":4},"end":{"line":351,"column":null}},"120":{"start":{"line":350,"column":6},"end":{"line":350,"column":null}},"121":{"start":{"line":353,"column":4},"end":{"line":361,"column":null}},"122":{"start":{"line":365,"column":4},"end":{"line":365,"column":null}},"123":{"start":{"line":369,"column":4},"end":{"line":371,"column":null}},"124":{"start":{"line":376,"column":4},"end":{"line":376,"column":null}},"125":{"start":{"line":380,"column":19},"end":{"line":383,"column":null}},"126":{"start":{"line":384,"column":4},"end":{"line":386,"column":null}},"127":{"start":{"line":385,"column":6},"end":{"line":385,"column":null}},"128":{"start":{"line":387,"column":4},"end":{"line":387,"column":null}},"129":{"start":{"line":392,"column":4},"end":{"line":392,"column":null}},"130":{"start":{"line":396,"column":4},"end":{"line":399,"column":null}},"131":{"start":{"line":403,"column":4},"end":{"line":403,"column":null}},"132":{"start":{"line":407,"column":4},"end":{"line":407,"column":null}},"133":{"start":{"line":411,"column":4},"end":{"line":413,"column":null}},"134":{"start":{"line":417,"column":4},"end":{"line":419,"column":null}},"135":{"start":{"line":423,"column":4},"end":{"line":423,"column":null}},"136":{"start":{"line":427,"column":19},"end":{"line":427,"column":null}}},"fnMap":{"0":{"name":"(anonymous_0)","decl":{"start":{"line":31,"column":2},"end":{"line":31,"column":11}},"loc":{"start":{"line":31,"column":33},"end":{"line":38,"column":null}},"line":31},"1":{"name":"(anonymous_1)","decl":{"start":{"line":40,"column":2},"end":{"line":40,"column":28}},"loc":{"start":{"line":40,"column":28},"end":{"line":45,"column":null}},"line":40},"2":{"name":"(anonymous_2)","decl":{"start":{"line":47,"column":2},"end":{"line":47,"column":15}},"loc":{"start":{"line":47,"column":37},"end":{"line":49,"column":null}},"line":47},"3":{"name":"(anonymous_3)","decl":{"start":{"line":51,"column":2},"end":{"line":51,"column":32}},"loc":{"start":{"line":51,"column":32},"end":{"line":60,"column":null}},"line":51},"4":{"name":"(anonymous_4)","decl":{"start":{"line":62,"column":16},"end":{"line":62,"column":33}},"loc":{"start":{"line":62,"column":106},"end":{"line":84,"column":null}},"line":62},"5":{"name":"(anonymous_5)","decl":{"start":{"line":64,"column":33},"end":{"line":64,"column":39}},"loc":{"start":{"line":64,"column":39},"end":{"line":64,"column":59}},"line":64},"6":{"name":"(anonymous_6)","decl":{"start":{"line":86,"column":16},"end":{"line":86,"column":27}},"loc":{"start":{"line":86,"column":93},"end":{"line":118,"column":null}},"line":86},"7":{"name":"(anonymous_7)","decl":{"start":{"line":112,"column":47},"end":{"line":112,"column":54}},"loc":{"start":{"line":112,"column":54},"end":{"line":112,"column":82}},"line":112},"8":{"name":"(anonymous_8)","decl":{"start":{"line":121,"column":8},"end":{"line":121,"column":17}},"loc":{"start":{"line":121,"column":94},"end":{"line":126,"column":null}},"line":121},"9":{"name":"(anonymous_9)","decl":{"start":{"line":128,"column":8},"end":{"line":128,"column":27}},"loc":{"start":{"line":128,"column":104},"end":{"line":137,"column":null}},"line":128},"10":{"name":"(anonymous_10)","decl":{"start":{"line":139,"column":8},"end":{"line":139,"column":14}},"loc":{"start":{"line":139,"column":101},"end":{"line":166,"column":null}},"line":139},"11":{"name":"(anonymous_11)","decl":{"start":{"line":145,"column":66},"end":{"line":145,"column":67}},"loc":{"start":{"line":145,"column":76},"end":{"line":145,"column":87}},"line":145},"12":{"name":"(anonymous_12)","decl":{"start":{"line":169,"column":8},"end":{"line":169,"column":null}},"loc":{"start":{"line":172,"column":61},"end":{"line":177,"column":null}},"line":172},"13":{"name":"(anonymous_13)","decl":{"start":{"line":179,"column":8},"end":{"line":179,"column":null}},"loc":{"start":{"line":182,"column":40},"end":{"line":191,"column":null}},"line":182},"14":{"name":"(anonymous_14)","decl":{"start":{"line":193,"column":8},"end":{"line":193,"column":null}},"loc":{"start":{"line":197,"column":72},"end":{"line":221,"column":null}},"line":197},"15":{"name":"(anonymous_15)","decl":{"start":{"line":203,"column":66},"end":{"line":203,"column":67}},"loc":{"start":{"line":203,"column":76},"end":{"line":203,"column":87}},"line":203},"16":{"name":"(anonymous_16)","decl":{"start":{"line":223,"column":8},"end":{"line":223,"column":null}},"loc":{"start":{"line":227,"column":40},"end":{"line":253,"column":null}},"line":227},"17":{"name":"(anonymous_17)","decl":{"start":{"line":255,"column":8},"end":{"line":255,"column":65}},"loc":{"start":{"line":255,"column":65},"end":{"line":263,"column":null}},"line":255},"18":{"name":"(anonymous_18)","decl":{"start":{"line":265,"column":8},"end":{"line":265,"column":53}},"loc":{"start":{"line":265,"column":53},"end":{"line":267,"column":null}},"line":265},"19":{"name":"(anonymous_19)","decl":{"start":{"line":269,"column":8},"end":{"line":269,"column":60}},"loc":{"start":{"line":269,"column":60},"end":{"line":271,"column":null}},"line":269},"20":{"name":"(anonymous_20)","decl":{"start":{"line":274,"column":8},"end":{"line":274,"column":null}},"loc":{"start":{"line":284,"column":32},"end":{"line":316,"column":null}},"line":284},"21":{"name":"(anonymous_21)","decl":{"start":{"line":311,"column":47},"end":{"line":311,"column":54}},"loc":{"start":{"line":311,"column":54},"end":{"line":311,"column":81}},"line":311},"22":{"name":"(anonymous_22)","decl":{"start":{"line":318,"column":8},"end":{"line":318,"column":49}},"loc":{"start":{"line":318,"column":49},"end":{"line":320,"column":null}},"line":318},"23":{"name":"(anonymous_23)","decl":{"start":{"line":322,"column":8},"end":{"line":322,"column":19}},"loc":{"start":{"line":322,"column":78},"end":{"line":326,"column":null}},"line":322},"24":{"name":"(anonymous_24)","decl":{"start":{"line":329,"column":8},"end":{"line":329,"column":20}},"loc":{"start":{"line":334,"column":34},"end":{"line":339,"column":null}},"line":334},"25":{"name":"(anonymous_25)","decl":{"start":{"line":341,"column":8},"end":{"line":341,"column":21}},"loc":{"start":{"line":341,"column":71},"end":{"line":343,"column":null}},"line":341},"26":{"name":"(anonymous_26)","decl":{"start":{"line":345,"column":8},"end":{"line":345,"column":27}},"loc":{"start":{"line":345,"column":82},"end":{"line":362,"column":null}},"line":345},"27":{"name":"(anonymous_27)","decl":{"start":{"line":364,"column":8},"end":{"line":364,"column":22}},"loc":{"start":{"line":364,"column":73},"end":{"line":366,"column":null}},"line":364},"28":{"name":"(anonymous_28)","decl":{"start":{"line":368,"column":8},"end":{"line":368,"column":24}},"loc":{"start":{"line":368,"column":84},"end":{"line":372,"column":null}},"line":368},"29":{"name":"(anonymous_29)","decl":{"start":{"line":375,"column":8},"end":{"line":375,"column":60}},"loc":{"start":{"line":375,"column":60},"end":{"line":377,"column":null}},"line":375},"30":{"name":"(anonymous_30)","decl":{"start":{"line":379,"column":8},"end":{"line":379,"column":22}},"loc":{"start":{"line":379,"column":91},"end":{"line":388,"column":null}},"line":379},"31":{"name":"(anonymous_31)","decl":{"start":{"line":391,"column":8},"end":{"line":391,"column":63}},"loc":{"start":{"line":391,"column":63},"end":{"line":393,"column":null}},"line":391},"32":{"name":"(anonymous_32)","decl":{"start":{"line":395,"column":8},"end":{"line":395,"column":28}},"loc":{"start":{"line":395,"column":105},"end":{"line":400,"column":null}},"line":395},"33":{"name":"(anonymous_33)","decl":{"start":{"line":402,"column":8},"end":{"line":402,"column":58}},"loc":{"start":{"line":402,"column":58},"end":{"line":404,"column":null}},"line":402},"34":{"name":"(anonymous_34)","decl":{"start":{"line":406,"column":8},"end":{"line":406,"column":63}},"loc":{"start":{"line":406,"column":63},"end":{"line":408,"column":null}},"line":406},"35":{"name":"(anonymous_35)","decl":{"start":{"line":410,"column":8},"end":{"line":410,"column":24}},"loc":{"start":{"line":410,"column":83},"end":{"line":414,"column":null}},"line":410},"36":{"name":"(anonymous_36)","decl":{"start":{"line":416,"column":8},"end":{"line":416,"column":76}},"loc":{"start":{"line":416,"column":76},"end":{"line":420,"column":null}},"line":416},"37":{"name":"(anonymous_37)","decl":{"start":{"line":422,"column":8},"end":{"line":422,"column":66}},"loc":{"start":{"line":422,"column":66},"end":{"line":424,"column":null}},"line":422}},"branchMap":{"0":{"loc":{"start":{"line":19,"column":17},"end":{"line":19,"column":null}},"type":"binary-expr","locations":[{"start":{"line":19,"column":17},"end":{"line":19,"column":49}},{"start":{"line":19,"column":49},"end":{"line":19,"column":null}}],"line":19},"1":{"loc":{"start":{"line":20,"column":0},"end":{"line":22,"column":null}},"type":"if","locations":[{"start":{"line":20,"column":0},"end":{"line":22,"column":null}},{"start":{},"end":{}}],"line":20},"2":{"loc":{"start":{"line":33,"column":4},"end":{"line":37,"column":null}},"type":"if","locations":[{"start":{"line":33,"column":4},"end":{"line":37,"column":null}},{"start":{"line":35,"column":11},"end":{"line":37,"column":null}}],"line":33},"3":{"loc":{"start":{"line":41,"column":4},"end":{"line":43,"column":null}},"type":"if","locations":[{"start":{"line":41,"column":4},"end":{"line":43,"column":null}},{"start":{},"end":{}}],"line":41},"4":{"loc":{"start":{"line":52,"column":4},"end":{"line":58,"column":null}},"type":"if","locations":[{"start":{"line":52,"column":4},"end":{"line":58,"column":null}},{"start":{},"end":{}}],"line":52},"5":{"loc":{"start":{"line":55,"column":6},"end":{"line":57,"column":null}},"type":"if","locations":[{"start":{"line":55,"column":6},"end":{"line":57,"column":null}},{"start":{},"end":{}}],"line":55},"6":{"loc":{"start":{"line":74,"column":6},"end":{"line":76,"column":null}},"type":"if","locations":[{"start":{"line":74,"column":6},"end":{"line":76,"column":null}},{"start":{},"end":{}}],"line":74},"7":{"loc":{"start":{"line":74,"column":10},"end":{"line":74,"column":72}},"type":"binary-expr","locations":[{"start":{"line":74,"column":10},"end":{"line":74,"column":43}},{"start":{"line":74,"column":43},"end":{"line":74,"column":72}}],"line":74},"8":{"loc":{"start":{"line":77,"column":6},"end":{"line":79,"column":null}},"type":"if","locations":[{"start":{"line":77,"column":6},"end":{"line":79,"column":null}},{"start":{},"end":{}}],"line":77},"9":{"loc":{"start":{"line":86,"column":41},"end":{"line":86,"column":93}},"type":"default-arg","locations":[{"start":{"line":86,"column":64},"end":{"line":86,"column":93}}],"line":86},"10":{"loc":{"start":{"line":92,"column":4},"end":{"line":94,"column":null}},"type":"if","locations":[{"start":{"line":92,"column":4},"end":{"line":94,"column":null}},{"start":{},"end":{}}],"line":92},"11":{"loc":{"start":{"line":97,"column":20},"end":{"line":97,"column":45}},"type":"binary-expr","locations":[{"start":{"line":97,"column":20},"end":{"line":97,"column":38}},{"start":{"line":97,"column":38},"end":{"line":97,"column":45}}],"line":97},"12":{"loc":{"start":{"line":98,"column":4},"end":{"line":103,"column":null}},"type":"if","locations":[{"start":{"line":98,"column":4},"end":{"line":103,"column":null}},{"start":{},"end":{}}],"line":98},"13":{"loc":{"start":{"line":98,"column":8},"end":{"line":98,"column":71}},"type":"binary-expr","locations":[{"start":{"line":98,"column":8},"end":{"line":98,"column":28}},{"start":{"line":98,"column":28},"end":{"line":98,"column":49}},{"start":{"line":98,"column":49},"end":{"line":98,"column":71}}],"line":98},"14":{"loc":{"start":{"line":100,"column":6},"end":{"line":102,"column":null}},"type":"if","locations":[{"start":{"line":100,"column":6},"end":{"line":102,"column":null}},{"start":{},"end":{}}],"line":100},"15":{"loc":{"start":{"line":111,"column":4},"end":{"line":114,"column":null}},"type":"if","locations":[{"start":{"line":111,"column":4},"end":{"line":114,"column":null}},{"start":{},"end":{}}],"line":111},"16":{"loc":{"start":{"line":113,"column":38},"end":{"line":113,"column":90}},"type":"binary-expr","locations":[{"start":{"line":113,"column":38},"end":{"line":113,"column":52}},{"start":{"line":113,"column":52},"end":{"line":113,"column":90}}],"line":113},"17":{"loc":{"start":{"line":133,"column":4},"end":{"line":135,"column":null}},"type":"if","locations":[{"start":{"line":133,"column":4},"end":{"line":135,"column":null}},{"start":{},"end":{}}],"line":133},"18":{"loc":{"start":{"line":133,"column":8},"end":{"line":133,"column":51}},"type":"binary-expr","locations":[{"start":{"line":133,"column":8},"end":{"line":133,"column":26}},{"start":{"line":133,"column":26},"end":{"line":133,"column":51}}],"line":133},"19":{"loc":{"start":{"line":140,"column":15},"end":{"line":140,"column":null}},"type":"binary-expr","locations":[{"start":{"line":140,"column":15},"end":{"line":140,"column":26}},{"start":{"line":140,"column":15},"end":{"line":140,"column":null}}],"line":140},"20":{"loc":{"start":{"line":158,"column":6},"end":{"line":160,"column":null}},"type":"if","locations":[{"start":{"line":158,"column":6},"end":{"line":160,"column":null}},{"start":{},"end":{}}],"line":158},"21":{"loc":{"start":{"line":158,"column":10},"end":{"line":158,"column":53}},"type":"binary-expr","locations":[{"start":{"line":158,"column":10},"end":{"line":158,"column":28}},{"start":{"line":158,"column":28},"end":{"line":158,"column":53}}],"line":158},"22":{"loc":{"start":{"line":187,"column":4},"end":{"line":189,"column":null}},"type":"if","locations":[{"start":{"line":187,"column":4},"end":{"line":189,"column":null}},{"start":{},"end":{}}],"line":187},"23":{"loc":{"start":{"line":187,"column":8},"end":{"line":187,"column":51}},"type":"binary-expr","locations":[{"start":{"line":187,"column":8},"end":{"line":187,"column":26}},{"start":{"line":187,"column":26},"end":{"line":187,"column":51}}],"line":187},"24":{"loc":{"start":{"line":198,"column":15},"end":{"line":198,"column":null}},"type":"binary-expr","locations":[{"start":{"line":198,"column":15},"end":{"line":198,"column":26}},{"start":{"line":198,"column":15},"end":{"line":198,"column":null}}],"line":198},"25":{"loc":{"start":{"line":228,"column":15},"end":{"line":228,"column":null}},"type":"binary-expr","locations":[{"start":{"line":228,"column":15},"end":{"line":228,"column":26}},{"start":{"line":228,"column":15},"end":{"line":228,"column":null}}],"line":228},"26":{"loc":{"start":{"line":245,"column":6},"end":{"line":247,"column":null}},"type":"if","locations":[{"start":{"line":245,"column":6},"end":{"line":247,"column":null}},{"start":{},"end":{}}],"line":245},"27":{"loc":{"start":{"line":245,"column":10},"end":{"line":245,"column":53}},"type":"binary-expr","locations":[{"start":{"line":245,"column":10},"end":{"line":245,"column":28}},{"start":{"line":245,"column":28},"end":{"line":245,"column":53}}],"line":245},"28":{"loc":{"start":{"line":259,"column":4},"end":{"line":261,"column":null}},"type":"if","locations":[{"start":{"line":259,"column":4},"end":{"line":261,"column":null}},{"start":{},"end":{}}],"line":259},"29":{"loc":{"start":{"line":259,"column":8},"end":{"line":259,"column":51}},"type":"binary-expr","locations":[{"start":{"line":259,"column":8},"end":{"line":259,"column":26}},{"start":{"line":259,"column":26},"end":{"line":259,"column":51}}],"line":259},"30":{"loc":{"start":{"line":296,"column":4},"end":{"line":298,"column":null}},"type":"if","locations":[{"start":{"line":296,"column":4},"end":{"line":298,"column":null}},{"start":{},"end":{}}],"line":296},"31":{"loc":{"start":{"line":300,"column":4},"end":{"line":302,"column":null}},"type":"if","locations":[{"start":{"line":300,"column":4},"end":{"line":302,"column":null}},{"start":{},"end":{}}],"line":300},"32":{"loc":{"start":{"line":310,"column":4},"end":{"line":313,"column":null}},"type":"if","locations":[{"start":{"line":310,"column":4},"end":{"line":313,"column":null}},{"start":{},"end":{}}],"line":310},"33":{"loc":{"start":{"line":312,"column":38},"end":{"line":312,"column":89}},"type":"binary-expr","locations":[{"start":{"line":312,"column":38},"end":{"line":312,"column":52}},{"start":{"line":312,"column":52},"end":{"line":312,"column":89}}],"line":312},"34":{"loc":{"start":{"line":349,"column":4},"end":{"line":351,"column":null}},"type":"if","locations":[{"start":{"line":349,"column":4},"end":{"line":351,"column":null}},{"start":{},"end":{}}],"line":349},"35":{"loc":{"start":{"line":384,"column":4},"end":{"line":386,"column":null}},"type":"if","locations":[{"start":{"line":384,"column":4},"end":{"line":386,"column":null}},{"start":{},"end":{}}],"line":384},"36":{"loc":{"start":{"line":384,"column":8},"end":{"line":384,"column":51}},"type":"binary-expr","locations":[{"start":{"line":384,"column":8},"end":{"line":384,"column":26}},{"start":{"line":384,"column":26},"end":{"line":384,"column":51}}],"line":384}},"s":{"0":6,"1":6,"2":6,"3":6,"4":6,"5":6,"6":6,"7":2,"8":2,"9":1,"10":1,"11":11,"12":10,"13":11,"14":4,"15":8,"16":6,"17":6,"18":0,"19":8,"20":9,"21":9,"22":0,"23":9,"24":9,"25":9,"26":0,"27":0,"28":0,"29":0,"30":0,"31":9,"32":9,"33":9,"34":1,"35":9,"36":9,"37":8,"38":8,"39":2,"40":9,"41":9,"42":0,"43":0,"44":0,"45":9,"46":9,"47":1,"48":2,"49":2,"50":2,"51":2,"52":1,"53":1,"54":3,"55":1,"56":1,"57":1,"58":1,"59":1,"60":1,"61":0,"62":0,"63":1,"64":0,"65":0,"66":0,"67":0,"68":1,"69":1,"70":3,"71":1,"72":1,"73":1,"74":1,"75":0,"76":0,"77":1,"78":1,"79":1,"80":1,"81":1,"82":1,"83":1,"84":1,"85":0,"86":0,"87":0,"88":0,"89":0,"90":0,"91":1,"92":0,"93":0,"94":0,"95":0,"96":0,"97":0,"98":0,"99":0,"100":0,"101":0,"102":0,"103":0,"104":0,"105":0,"106":0,"107":0,"108":0,"109":0,"110":0,"111":0,"112":0,"113":0,"114":0,"115":0,"116":1,"117":0,"118":0,"119":0,"120":0,"121":0,"122":0,"123":0,"124":0,"125":0,"126":0,"127":0,"128":0,"129":0,"130":0,"131":0,"132":0,"133":0,"134":0,"135":0,"136":6},"f":{"0":2,"1":11,"2":4,"3":8,"4":9,"5":0,"6":9,"7":0,"8":1,"9":2,"10":1,"11":3,"12":1,"13":0,"14":1,"15":3,"16":1,"17":0,"18":1,"19":0,"20":0,"21":0,"22":0,"23":0,"24":1,"25":0,"26":0,"27":0,"28":0,"29":0,"30":0,"31":0,"32":0,"33":0,"34":0,"35":0,"36":0,"37":0},"b":{"0":[6,6],"1":[6,0],"2":[1,1],"3":[10,1],"4":[6,2],"5":[0,6],"6":[0,0],"7":[0,0],"8":[0,0],"9":[9],"10":[1,8],"11":[9,1],"12":[8,1],"13":[9,8,8],"14":[2,6],"15":[0,9],"16":[0,0],"17":[2,0],"18":[2,2],"19":[1,1],"20":[1,0],"21":[1,1],"22":[0,0],"23":[0,0],"24":[1,1],"25":[1,1],"26":[1,0],"27":[1,1],"28":[0,0],"29":[0,0],"30":[0,0],"31":[0,0],"32":[0,0],"33":[0,0],"34":[0,0],"35":[0,0],"36":[0,0]},"meta":{"lastBranch":37,"lastFunction":38,"lastStatement":137,"seen":{"s:19:17:19:Infinity":0,"b:19:17:19:49:19:49:19:Infinity":0,"b:20:0:22:Infinity:undefined:undefined:undefined:undefined":1,"s:20:0:22:Infinity":1,"s:21:2:21:Infinity":2,"s:24:27:24:Infinity":3,"s:25:26:25:Infinity":4,"s:28:33:28:Infinity":5,"s:29:37:29:Infinity":6,"f:31:2:31:11":0,"s:32:4:32:Infinity":7,"b:33:4:37:Infinity:35:11:37:Infinity":2,"s:33:4:37:Infinity":8,"s:34:6:34:Infinity":9,"s:36:6:36:Infinity":10,"f:40:2:40:28":1,"b:41:4:43:Infinity:undefined:undefined:undefined:undefined":3,"s:41:4:43:Infinity":11,"s:42:6:42:Infinity":12,"s:44:4:44:Infinity":13,"f:47:2:47:15":2,"s:48:4:48:Infinity":14,"f:51:2:51:32":3,"b:52:4:58:Infinity:undefined:undefined:undefined:undefined":4,"s:52:4:58:Infinity":15,"s:54:20:54:Infinity":16,"b:55:6:57:Infinity:undefined:undefined:undefined:undefined":5,"s:55:6:57:Infinity":17,"s:56:8:56:Infinity":18,"s:59:4:59:Infinity":19,"f:62:16:62:33":4,"s:63:23:63:Infinity":20,"s:64:22:64:Infinity":21,"f:64:33:64:39":5,"s:64:39:64:59":22,"s:66:4:83:Infinity":23,"s:67:23:71:Infinity":24,"s:72:6:72:Infinity":25,"b:74:6:76:Infinity:undefined:undefined:undefined:undefined":6,"s:74:6:76:Infinity":26,"b:74:10:74:43:74:43:74:72":7,"s:75:8:75:Infinity":27,"b:77:6:79:Infinity:undefined:undefined:undefined:undefined":8,"s:77:6:79:Infinity":28,"s:78:8:78:Infinity":29,"s:80:6:80:Infinity":30,"s:82:6:82:Infinity":31,"f:86:16:86:27":6,"b:86:64:86:93":9,"s:87:44:90:Infinity":32,"b:92:4:94:Infinity:undefined:undefined:undefined:undefined":10,"s:92:4:94:Infinity":33,"s:93:6:93:Infinity":34,"s:97:10:97:Infinity":35,"b:97:20:97:38:97:38:97:45":11,"b:98:4:103:Infinity:undefined:undefined:undefined:undefined":12,"s:98:4:103:Infinity":36,"b:98:8:98:28:98:28:98:49:98:49:98:71":13,"s:99:19:99:Infinity":37,"b:100:6:102:Infinity:undefined:undefined:undefined:undefined":14,"s:100:6:102:Infinity":38,"s:101:8:101:Infinity":39,"s:105:21:109:Infinity":40,"b:111:4:114:Infinity:undefined:undefined:undefined:undefined":15,"s:111:4:114:Infinity":41,"s:112:19:112:Infinity":42,"f:112:47:112:54":7,"s:112:54:112:82":43,"s:113:6:113:Infinity":44,"b:113:38:113:52:113:52:113:90":16,"s:116:17:116:Infinity":45,"s:117:4:117:Infinity":46,"f:121:8:121:17":8,"s:122:4:125:Infinity":47,"f:128:8:128:27":9,"s:129:19:132:Infinity":48,"b:133:4:135:Infinity:undefined:undefined:undefined:undefined":17,"s:133:4:135:Infinity":49,"b:133:8:133:26:133:26:133:51":18,"s:134:6:134:Infinity":50,"s:136:4:136:Infinity":51,"f:139:8:139:14":10,"s:140:15:140:Infinity":52,"b:140:15:140:26:140:15:140:Infinity":19,"s:141:4:146:Infinity":53,"f:145:66:145:67":11,"s:145:76:145:87":54,"s:148:4:165:Infinity":55,"s:149:21:152:Infinity":56,"s:153:6:157:Infinity":57,"b:158:6:160:Infinity:undefined:undefined:undefined:undefined":20,"s:158:6:160:Infinity":58,"b:158:10:158:28:158:28:158:53":21,"s:159:8:159:Infinity":59,"s:161:6:161:Infinity":60,"s:163:6:163:Infinity":61,"s:164:6:164:Infinity":62,"f:169:8:169:Infinity":12,"s:173:4:176:Infinity":63,"f:179:8:179:Infinity":13,"s:183:19:186:Infinity":64,"b:187:4:189:Infinity:undefined:undefined:undefined:undefined":22,"s:187:4:189:Infinity":65,"b:187:8:187:26:187:26:187:51":23,"s:188:6:188:Infinity":66,"s:190:4:190:Infinity":67,"f:193:8:193:Infinity":14,"s:198:15:198:Infinity":68,"b:198:15:198:26:198:15:198:Infinity":24,"s:199:4:204:Infinity":69,"f:203:66:203:67":15,"s:203:76:203:87":70,"s:206:4:220:Infinity":71,"s:207:21:210:Infinity":72,"s:211:6:215:Infinity":73,"s:216:6:216:Infinity":74,"s:218:6:218:Infinity":75,"s:219:6:219:Infinity":76,"f:223:8:223:Infinity":16,"s:228:15:228:Infinity":77,"b:228:15:228:26:228:15:228:Infinity":25,"s:229:4:233:Infinity":78,"s:235:4:252:Infinity":79,"s:236:21:239:Infinity":80,"s:240:6:244:Infinity":81,"b:245:6:247:Infinity:undefined:undefined:undefined:undefined":26,"s:245:6:247:Infinity":82,"b:245:10:245:28:245:28:245:53":27,"s:246:8:246:Infinity":83,"s:248:6:248:Infinity":84,"s:250:6:250:Infinity":85,"s:251:6:251:Infinity":86,"f:255:8:255:65":17,"s:256:19:258:Infinity":87,"b:259:4:261:Infinity:undefined:undefined:undefined:undefined":28,"s:259:4:261:Infinity":88,"b:259:8:259:26:259:26:259:51":29,"s:260:6:260:Infinity":89,"s:262:4:262:Infinity":90,"f:265:8:265:53":18,"s:266:4:266:Infinity":91,"f:269:8:269:60":19,"s:270:4:270:Infinity":92,"f:274:8:274:Infinity":20,"s:285:21:285:Infinity":93,"s:286:17:286:Infinity":94,"s:287:4:287:Infinity":95,"s:288:4:288:Infinity":96,"s:289:4:289:Infinity":97,"s:290:4:290:Infinity":98,"s:291:4:291:Infinity":99,"s:292:4:292:Infinity":100,"s:293:4:293:Infinity":101,"s:295:44:295:Infinity":102,"b:296:4:298:Infinity:undefined:undefined:undefined:undefined":30,"s:296:4:298:Infinity":103,"s:297:6:297:Infinity":104,"s:299:17:299:Infinity":105,"b:300:4:302:Infinity:undefined:undefined:undefined:undefined":31,"s:300:4:302:Infinity":106,"s:301:6:301:Infinity":107,"s:304:21:308:Infinity":108,"b:310:4:313:Infinity:undefined:undefined:undefined:undefined":32,"s:310:4:313:Infinity":109,"s:311:19:311:Infinity":110,"f:311:47:311:54":21,"s:311:54:311:81":111,"s:312:6:312:Infinity":112,"b:312:38:312:52:312:52:312:89":33,"s:315:4:315:Infinity":113,"f:318:8:318:49":22,"s:319:4:319:Infinity":114,"f:322:8:322:19":23,"s:323:4:325:Infinity":115,"f:329:8:329:20":24,"s:335:4:338:Infinity":116,"f:341:8:341:21":25,"s:342:4:342:Infinity":117,"f:345:8:345:27":26,"s:346:44:348:Infinity":118,"b:349:4:351:Infinity:undefined:undefined:undefined:undefined":34,"s:349:4:351:Infinity":119,"s:350:6:350:Infinity":120,"s:353:4:361:Infinity":121,"f:364:8:364:22":27,"s:365:4:365:Infinity":122,"f:368:8:368:24":28,"s:369:4:371:Infinity":123,"f:375:8:375:60":29,"s:376:4:376:Infinity":124,"f:379:8:379:22":30,"s:380:19:383:Infinity":125,"b:384:4:386:Infinity:undefined:undefined:undefined:undefined":35,"s:384:4:386:Infinity":126,"b:384:8:384:26:384:26:384:51":36,"s:385:6:385:Infinity":127,"s:387:4:387:Infinity":128,"f:391:8:391:63":31,"s:392:4:392:Infinity":129,"f:395:8:395:28":32,"s:396:4:399:Infinity":130,"f:402:8:402:58":33,"s:403:4:403:Infinity":131,"f:406:8:406:63":34,"s:407:4:407:Infinity":132,"f:410:8:410:24":35,"s:411:4:413:Infinity":133,"f:416:8:416:76":36,"s:417:4:419:Infinity":134,"f:422:8:422:66":37,"s:423:4:423:Infinity":135,"s:427:19:427:Infinity":136}}}
,"C:\\dev\\prj\\Github\\SecuShare\\frontend\\src\\services\\authTrace.ts": {"path":"C:\\dev\\prj\\Github\\SecuShare\\frontend\\src\\services\\authTrace.ts","statementMap":{"0":{"start":{"line":1,"column":31},"end":{"line":1,"column":null}},"1":{"start":{"line":4,"column":2},"end":{"line":8,"column":null}},"2":{"start":{"line":5,"column":4},"end":{"line":5,"column":null}},"3":{"start":{"line":7,"column":4},"end":{"line":7,"column":null}},"4":{"start":{"line":12,"column":2},"end":{"line":14,"column":null}},"5":{"start":{"line":13,"column":4},"end":{"line":13,"column":null}},"6":{"start":{"line":15,"column":2},"end":{"line":17,"column":null}},"7":{"start":{"line":16,"column":4},"end":{"line":16,"column":null}},"8":{"start":{"line":18,"column":2},"end":{"line":18,"column":null}},"9":{"start":{"line":22,"column":2},"end":{"line":22,"column":null}},"10":{"start":{"line":26,"column":18},"end":{"line":26,"column":null}},"11":{"start":{"line":27,"column":16},"end":{"line":27,"column":null}},"12":{"start":{"line":28,"column":2},"end":{"line":30,"column":null}},"13":{"start":{"line":29,"column":4},"end":{"line":29,"column":null}},"14":{"start":{"line":32,"column":16},"end":{"line":32,"column":null}},"15":{"start":{"line":33,"column":17},"end":{"line":33,"column":null}},"16":{"start":{"line":34,"column":2},"end":{"line":34,"column":null}},"17":{"start":{"line":38,"column":2},"end":{"line":40,"column":null}},"18":{"start":{"line":39,"column":4},"end":{"line":39,"column":null}},"19":{"start":{"line":41,"column":2},"end":{"line":41,"column":null}},"20":{"start":{"line":50,"column":2},"end":{"line":52,"column":null}},"21":{"start":{"line":51,"column":4},"end":{"line":51,"column":null}},"22":{"start":{"line":54,"column":43},"end":{"line":57,"column":null}},"23":{"start":{"line":58,"column":2},"end":{"line":60,"column":null}},"24":{"start":{"line":59,"column":4},"end":{"line":59,"column":null}},"25":{"start":{"line":61,"column":2},"end":{"line":61,"column":null}}},"fnMap":{"0":{"name":"readSessionFlag","decl":{"start":{"line":3,"column":9},"end":{"line":3,"column":42}},"loc":{"start":{"line":3,"column":42},"end":{"line":9,"column":null}},"line":3},"1":{"name":"isAuthDebugEnabled","decl":{"start":{"line":11,"column":16},"end":{"line":11,"column":46}},"loc":{"start":{"line":11,"column":46},"end":{"line":19,"column":null}},"line":11},"2":{"name":"newAuthTraceId","decl":{"start":{"line":21,"column":16},"end":{"line":21,"column":31}},"loc":{"start":{"line":21,"column":56},"end":{"line":23,"column":null}},"line":21},"3":{"name":"emailHint","decl":{"start":{"line":25,"column":16},"end":{"line":25,"column":26}},"loc":{"start":{"line":25,"column":49},"end":{"line":35,"column":null}},"line":25},"4":{"name":"authTrace","decl":{"start":{"line":37,"column":16},"end":{"line":37,"column":26}},"loc":{"start":{"line":37,"column":98},"end":{"line":42,"column":null}},"line":37},"5":{"name":"authTraceError","decl":{"start":{"line":44,"column":16},"end":{"line":44,"column":null}},"loc":{"start":{"line":49,"column":8},"end":{"line":62,"column":null}},"line":49}},"branchMap":{"0":{"loc":{"start":{"line":12,"column":2},"end":{"line":14,"column":null}},"type":"if","locations":[{"start":{"line":12,"column":2},"end":{"line":14,"column":null}},{"start":{},"end":{}}],"line":12},"1":{"loc":{"start":{"line":15,"column":2},"end":{"line":17,"column":null}},"type":"if","locations":[{"start":{"line":15,"column":2},"end":{"line":17,"column":null}},{"start":{},"end":{}}],"line":15},"2":{"loc":{"start":{"line":21,"column":31},"end":{"line":21,"column":56}},"type":"default-arg","locations":[{"start":{"line":21,"column":40},"end":{"line":21,"column":56}}],"line":21},"3":{"loc":{"start":{"line":28,"column":2},"end":{"line":30,"column":null}},"type":"if","locations":[{"start":{"line":28,"column":2},"end":{"line":30,"column":null}},{"start":{},"end":{}}],"line":28},"4":{"loc":{"start":{"line":38,"column":2},"end":{"line":40,"column":null}},"type":"if","locations":[{"start":{"line":38,"column":2},"end":{"line":40,"column":null}},{"start":{},"end":{}}],"line":38},"5":{"loc":{"start":{"line":41,"column":51},"end":{"line":41,"column":64}},"type":"binary-expr","locations":[{"start":{"line":41,"column":51},"end":{"line":41,"column":62}},{"start":{"line":41,"column":62},"end":{"line":41,"column":64}}],"line":41},"6":{"loc":{"start":{"line":50,"column":2},"end":{"line":52,"column":null}},"type":"if","locations":[{"start":{"line":50,"column":2},"end":{"line":52,"column":null}},{"start":{},"end":{}}],"line":50},"7":{"loc":{"start":{"line":55,"column":8},"end":{"line":55,"column":null}},"type":"binary-expr","locations":[{"start":{"line":55,"column":8},"end":{"line":55,"column":19}},{"start":{"line":55,"column":19},"end":{"line":55,"column":null}}],"line":55},"8":{"loc":{"start":{"line":56,"column":11},"end":{"line":56,"column":null}},"type":"cond-expr","locations":[{"start":{"line":56,"column":36},"end":{"line":56,"column":52}},{"start":{"line":56,"column":52},"end":{"line":56,"column":null}}],"line":56},"9":{"loc":{"start":{"line":58,"column":2},"end":{"line":60,"column":null}},"type":"if","locations":[{"start":{"line":58,"column":2},"end":{"line":60,"column":null}},{"start":{},"end":{}}],"line":58},"10":{"loc":{"start":{"line":58,"column":6},"end":{"line":58,"column":45}},"type":"binary-expr","locations":[{"start":{"line":58,"column":6},"end":{"line":58,"column":32}},{"start":{"line":58,"column":32},"end":{"line":58,"column":45}}],"line":58}},"s":{"0":6,"1":0,"2":0,"3":0,"4":6,"5":6,"6":0,"7":0,"8":0,"9":3,"10":2,"11":2,"12":2,"13":0,"14":2,"15":2,"16":2,"17":6,"18":0,"19":6,"20":0,"21":0,"22":0,"23":0,"24":0,"25":0},"f":{"0":0,"1":6,"2":3,"3":2,"4":6,"5":0},"b":{"0":[6,0],"1":[0,0],"2":[3],"3":[0,2],"4":[0,6],"5":[6,0],"6":[0,0],"7":[0,0],"8":[0,0],"9":[0,0],"10":[0,0]},"meta":{"lastBranch":11,"lastFunction":6,"lastStatement":26,"seen":{"s:1:31:1:Infinity":0,"f:3:9:3:42":0,"s:4:2:8:Infinity":1,"s:5:4:5:Infinity":2,"s:7:4:7:Infinity":3,"f:11:16:11:46":1,"b:12:2:14:Infinity:undefined:undefined:undefined:undefined":0,"s:12:2:14:Infinity":4,"s:13:4:13:Infinity":5,"b:15:2:17:Infinity:undefined:undefined:undefined:undefined":1,"s:15:2:17:Infinity":6,"s:16:4:16:Infinity":7,"s:18:2:18:Infinity":8,"f:21:16:21:31":2,"b:21:40:21:56":2,"s:22:2:22:Infinity":9,"f:25:16:25:26":3,"s:26:18:26:Infinity":10,"s:27:16:27:Infinity":11,"b:28:2:30:Infinity:undefined:undefined:undefined:undefined":3,"s:28:2:30:Infinity":12,"s:29:4:29:Infinity":13,"s:32:16:32:Infinity":14,"s:33:17:33:Infinity":15,"s:34:2:34:Infinity":16,"f:37:16:37:26":4,"b:38:2:40:Infinity:undefined:undefined:undefined:undefined":4,"s:38:2:40:Infinity":17,"s:39:4:39:Infinity":18,"s:41:2:41:Infinity":19,"b:41:51:41:62:41:62:41:64":5,"f:44:16:44:Infinity":5,"b:50:2:52:Infinity:undefined:undefined:undefined:undefined":6,"s:50:2:52:Infinity":20,"s:51:4:51:Infinity":21,"s:54:43:57:Infinity":22,"b:55:8:55:19:55:19:55:Infinity":7,"b:56:36:56:52:56:52:56:Infinity":8,"b:58:2:60:Infinity:undefined:undefined:undefined:undefined":9,"s:58:2:60:Infinity":23,"b:58:6:58:32:58:32:58:45":10,"s:59:4:59:Infinity":24,"s:61:2:61:Infinity":25}}}
,"C:\\dev\\prj\\Github\\SecuShare\\frontend\\src\\services\\cryptoService.ts": {"path":"C:\\dev\\prj\\Github\\SecuShare\\frontend\\src\\services\\cryptoService.ts","statementMap":{"0":{"start":{"line":3,"column":18},"end":{"line":3,"column":null}},"1":{"start":{"line":4,"column":19},"end":{"line":4,"column":null}},"2":{"start":{"line":5,"column":18},"end":{"line":5,"column":null}},"3":{"start":{"line":17,"column":14},"end":{"line":21,"column":null}},"4":{"start":{"line":23,"column":22},"end":{"line":23,"column":null}},"5":{"start":{"line":24,"column":20},"end":{"line":24,"column":null}},"6":{"start":{"line":26,"column":2},"end":{"line":26,"column":null}},"7":{"start":{"line":30,"column":29},"end":{"line":30,"column":null}},"8":{"start":{"line":31,"column":13},"end":{"line":31,"column":null}},"9":{"start":{"line":32,"column":19},"end":{"line":32,"column":null}},"10":{"start":{"line":34,"column":21},"end":{"line":34,"column":null}},"11":{"start":{"line":36,"column":24},"end":{"line":40,"column":null}},"12":{"start":{"line":42,"column":19},"end":{"line":42,"column":null}},"13":{"start":{"line":44,"column":2},"end":{"line":51,"column":null}},"14":{"start":{"line":59,"column":14},"end":{"line":59,"column":null}},"15":{"start":{"line":60,"column":13},"end":{"line":60,"column":null}},"16":{"start":{"line":62,"column":24},"end":{"line":66,"column":null}},"17":{"start":{"line":68,"column":2},"end":{"line":68,"column":null}},"18":{"start":{"line":72,"column":25},"end":{"line":72,"column":null}},"19":{"start":{"line":73,"column":2},"end":{"line":73,"column":null}},"20":{"start":{"line":77,"column":21},"end":{"line":77,"column":null}},"21":{"start":{"line":78,"column":2},"end":{"line":78,"column":null}},"22":{"start":{"line":82,"column":18},"end":{"line":82,"column":null}},"23":{"start":{"line":83,"column":2},"end":{"line":89,"column":null}},"24":{"start":{"line":93,"column":18},"end":{"line":93,"column":null}},"25":{"start":{"line":94,"column":22},"end":{"line":100,"column":null}},"26":{"start":{"line":102,"column":2},"end":{"line":113,"column":null}},"27":{"start":{"line":120,"column":15},"end":{"line":120,"column":null}},"28":{"start":{"line":121,"column":13},"end":{"line":121,"column":null}},"29":{"start":{"line":123,"column":21},"end":{"line":123,"column":null}},"30":{"start":{"line":125,"column":18},"end":{"line":125,"column":null}},"31":{"start":{"line":126,"column":18},"end":{"line":126,"column":null}},"32":{"start":{"line":128,"column":23},"end":{"line":132,"column":null}},"33":{"start":{"line":134,"column":2},"end":{"line":138,"column":null}},"34":{"start":{"line":147,"column":15},"end":{"line":147,"column":null}},"35":{"start":{"line":148,"column":13},"end":{"line":148,"column":null}},"36":{"start":{"line":150,"column":21},"end":{"line":150,"column":null}},"37":{"start":{"line":152,"column":23},"end":{"line":152,"column":null}},"38":{"start":{"line":154,"column":23},"end":{"line":158,"column":null}},"39":{"start":{"line":160,"column":18},"end":{"line":160,"column":null}},"40":{"start":{"line":161,"column":2},"end":{"line":161,"column":null}},"41":{"start":{"line":165,"column":16},"end":{"line":165,"column":null}},"42":{"start":{"line":166,"column":15},"end":{"line":166,"column":null}},"43":{"start":{"line":167,"column":2},"end":{"line":169,"column":null}},"44":{"start":{"line":167,"column":15},"end":{"line":167,"column":18}},"45":{"start":{"line":168,"column":4},"end":{"line":168,"column":null}},"46":{"start":{"line":170,"column":2},"end":{"line":170,"column":null}},"47":{"start":{"line":174,"column":17},"end":{"line":174,"column":null}},"48":{"start":{"line":175,"column":16},"end":{"line":175,"column":null}},"49":{"start":{"line":176,"column":2},"end":{"line":178,"column":null}},"50":{"start":{"line":176,"column":15},"end":{"line":176,"column":18}},"51":{"start":{"line":177,"column":4},"end":{"line":177,"column":null}},"52":{"start":{"line":179,"column":2},"end":{"line":179,"column":null}},"53":{"start":{"line":183,"column":16},"end":{"line":183,"column":null}},"54":{"start":{"line":184,"column":2},"end":{"line":186,"column":null}},"55":{"start":{"line":185,"column":14},"end":{"line":185,"column":45}},"56":{"start":{"line":190,"column":2},"end":{"line":190,"column":null}},"57":{"start":{"line":190,"column":19},"end":{"line":190,"column":null}},"58":{"start":{"line":191,"column":12},"end":{"line":191,"column":null}},"59":{"start":{"line":192,"column":16},"end":{"line":192,"column":null}},"60":{"start":{"line":193,"column":12},"end":{"line":193,"column":null}},"61":{"start":{"line":194,"column":2},"end":{"line":194,"column":null}}},"fnMap":{"0":{"name":"generateKey","decl":{"start":{"line":16,"column":22},"end":{"line":16,"column":84}},"loc":{"start":{"line":16,"column":84},"end":{"line":27,"column":null}},"line":16},"1":{"name":"encryptFile","decl":{"start":{"line":29,"column":22},"end":{"line":29,"column":34}},"loc":{"start":{"line":29,"column":70},"end":{"line":52,"column":null}},"line":29},"2":{"name":"decryptFile","decl":{"start":{"line":54,"column":22},"end":{"line":54,"column":null}},"loc":{"start":{"line":58,"column":24},"end":{"line":69,"column":null}},"line":58},"3":{"name":"verifyChecksum","decl":{"start":{"line":71,"column":22},"end":{"line":71,"column":37}},"loc":{"start":{"line":71,"column":100},"end":{"line":74,"column":null}},"line":71},"4":{"name":"calculateSHA256","decl":{"start":{"line":76,"column":22},"end":{"line":76,"column":38}},"loc":{"start":{"line":76,"column":74},"end":{"line":79,"column":null}},"line":76},"5":{"name":"importKey","decl":{"start":{"line":81,"column":15},"end":{"line":81,"column":25}},"loc":{"start":{"line":81,"column":64},"end":{"line":90,"column":null}},"line":81},"6":{"name":"deriveKeyFromPassword","decl":{"start":{"line":92,"column":22},"end":{"line":92,"column":44}},"loc":{"start":{"line":92,"column":100},"end":{"line":114,"column":null}},"line":92},"7":{"name":"encryptKeyWithPassword","decl":{"start":{"line":116,"column":22},"end":{"line":116,"column":null}},"loc":{"start":{"line":119,"column":63},"end":{"line":139,"column":null}},"line":119},"8":{"name":"decryptKeyWithPassword","decl":{"start":{"line":141,"column":22},"end":{"line":141,"column":null}},"loc":{"start":{"line":146,"column":19},"end":{"line":162,"column":null}},"line":146},"9":{"name":"arrayBufferToBase64","decl":{"start":{"line":164,"column":9},"end":{"line":164,"column":29}},"loc":{"start":{"line":164,"column":71},"end":{"line":171,"column":null}},"line":164},"10":{"name":"base64ToArrayBuffer","decl":{"start":{"line":173,"column":9},"end":{"line":173,"column":29}},"loc":{"start":{"line":173,"column":57},"end":{"line":180,"column":null}},"line":173},"11":{"name":"arrayBufferToHex","decl":{"start":{"line":182,"column":9},"end":{"line":182,"column":26}},"loc":{"start":{"line":182,"column":55},"end":{"line":187,"column":null}},"line":182},"12":{"name":"(anonymous_12)","decl":{"start":{"line":185,"column":9},"end":{"line":185,"column":14}},"loc":{"start":{"line":185,"column":14},"end":{"line":185,"column":45}},"line":185},"13":{"name":"formatFileSize","decl":{"start":{"line":189,"column":16},"end":{"line":189,"column":31}},"loc":{"start":{"line":189,"column":54},"end":{"line":195,"column":null}},"line":189}},"branchMap":{"0":{"loc":{"start":{"line":165,"column":16},"end":{"line":165,"column":null}},"type":"cond-expr","locations":[{"start":{"line":165,"column":47},"end":{"line":165,"column":56}},{"start":{"line":165,"column":56},"end":{"line":165,"column":null}}],"line":165},"1":{"loc":{"start":{"line":190,"column":2},"end":{"line":190,"column":null}},"type":"if","locations":[{"start":{"line":190,"column":2},"end":{"line":190,"column":null}},{"start":{},"end":{}}],"line":190}},"s":{"0":1,"1":1,"2":1,"3":2,"4":2,"5":2,"6":2,"7":1,"8":1,"9":1,"10":1,"11":1,"12":1,"13":1,"14":0,"15":0,"16":0,"17":0,"18":1,"19":1,"20":4,"21":4,"22":0,"23":0,"24":0,"25":0,"26":0,"27":0,"28":0,"29":0,"30":0,"31":0,"32":0,"33":0,"34":0,"35":0,"36":0,"37":0,"38":0,"39":0,"40":0,"41":3,"42":3,"43":3,"44":3,"45":76,"46":3,"47":0,"48":0,"49":0,"50":0,"51":0,"52":0,"53":4,"54":4,"55":128,"56":6,"57":1,"58":5,"59":5,"60":5,"61":5},"f":{"0":2,"1":1,"2":0,"3":1,"4":4,"5":0,"6":0,"7":0,"8":0,"9":3,"10":0,"11":4,"12":128,"13":6},"b":{"0":[0,3],"1":[1,5]},"meta":{"lastBranch":2,"lastFunction":14,"lastStatement":62,"seen":{"s:3:18:3:Infinity":0,"s:4:19:4:Infinity":1,"s:5:18:5:Infinity":2,"f:16:22:16:84":0,"s:17:14:21:Infinity":3,"s:23:22:23:Infinity":4,"s:24:20:24:Infinity":5,"s:26:2:26:Infinity":6,"f:29:22:29:34":1,"s:30:29:30:Infinity":7,"s:31:13:31:Infinity":8,"s:32:19:32:Infinity":9,"s:34:21:34:Infinity":10,"s:36:24:40:Infinity":11,"s:42:19:42:Infinity":12,"s:44:2:51:Infinity":13,"f:54:22:54:Infinity":2,"s:59:14:59:Infinity":14,"s:60:13:60:Infinity":15,"s:62:24:66:Infinity":16,"s:68:2:68:Infinity":17,"f:71:22:71:37":3,"s:72:25:72:Infinity":18,"s:73:2:73:Infinity":19,"f:76:22:76:38":4,"s:77:21:77:Infinity":20,"s:78:2:78:Infinity":21,"f:81:15:81:25":5,"s:82:18:82:Infinity":22,"s:83:2:89:Infinity":23,"f:92:22:92:44":6,"s:93:18:93:Infinity":24,"s:94:22:100:Infinity":25,"s:102:2:113:Infinity":26,"f:116:22:116:Infinity":7,"s:120:15:120:Infinity":27,"s:121:13:121:Infinity":28,"s:123:21:123:Infinity":29,"s:125:18:125:Infinity":30,"s:126:18:126:Infinity":31,"s:128:23:132:Infinity":32,"s:134:2:138:Infinity":33,"f:141:22:141:Infinity":8,"s:147:15:147:Infinity":34,"s:148:13:148:Infinity":35,"s:150:21:150:Infinity":36,"s:152:23:152:Infinity":37,"s:154:23:158:Infinity":38,"s:160:18:160:Infinity":39,"s:161:2:161:Infinity":40,"f:164:9:164:29":9,"s:165:16:165:Infinity":41,"b:165:47:165:56:165:56:165:Infinity":0,"s:166:15:166:Infinity":42,"s:167:2:169:Infinity":43,"s:167:15:167:18":44,"s:168:4:168:Infinity":45,"s:170:2:170:Infinity":46,"f:173:9:173:29":10,"s:174:17:174:Infinity":47,"s:175:16:175:Infinity":48,"s:176:2:178:Infinity":49,"s:176:15:176:18":50,"s:177:4:177:Infinity":51,"s:179:2:179:Infinity":52,"f:182:9:182:26":11,"s:183:16:183:Infinity":53,"s:184:2:186:Infinity":54,"f:185:9:185:14":12,"s:185:14:185:45":55,"f:189:16:189:31":13,"b:190:2:190:Infinity:undefined:undefined:undefined:undefined":1,"s:190:2:190:Infinity":56,"s:190:19:190:Infinity":57,"s:191:12:191:Infinity":58,"s:192:16:192:Infinity":59,"s:193:12:193:Infinity":60,"s:194:2:194:Infinity":61}}}
}
