{"C:\\dev\\prj\\Github\\SecuShare\\frontend\\src\\services\\api.ts": {"path":"C:\\dev\\prj\\Github\\SecuShare\\frontend\\src\\services\\api.ts","statementMap":{"0":{"start":{"line":19,"column":17},"end":{"line":19,"column":null}},"1":{"start":{"line":20,"column":0},"end":{"line":22,"column":null}},"2":{"start":{"line":21,"column":2},"end":{"line":21,"column":null}},"3":{"start":{"line":24,"column":27},"end":{"line":24,"column":null}},"4":{"start":{"line":25,"column":26},"end":{"line":25,"column":null}},"5":{"start":{"line":28,"column":33},"end":{"line":28,"column":null}},"6":{"start":{"line":29,"column":37},"end":{"line":29,"column":null}},"7":{"start":{"line":32,"column":4},"end":{"line":32,"column":null}},"8":{"start":{"line":36,"column":4},"end":{"line":36,"column":null}},"9":{"start":{"line":40,"column":4},"end":{"line":40,"column":null}},"10":{"start":{"line":44,"column":4},"end":{"line":50,"column":null}},"11":{"start":{"line":46,"column":20},"end":{"line":46,"column":null}},"12":{"start":{"line":47,"column":6},"end":{"line":49,"column":null}},"13":{"start":{"line":48,"column":8},"end":{"line":48,"column":null}},"14":{"start":{"line":51,"column":4},"end":{"line":51,"column":null}},"15":{"start":{"line":55,"column":23},"end":{"line":55,"column":null}},"16":{"start":{"line":56,"column":22},"end":{"line":56,"column":null}},"17":{"start":{"line":56,"column":39},"end":{"line":56,"column":59}},"18":{"start":{"line":58,"column":4},"end":{"line":75,"column":null}},"19":{"start":{"line":59,"column":23},"end":{"line":63,"column":null}},"20":{"start":{"line":64,"column":6},"end":{"line":64,"column":null}},"21":{"start":{"line":66,"column":6},"end":{"line":68,"column":null}},"22":{"start":{"line":67,"column":8},"end":{"line":67,"column":null}},"23":{"start":{"line":69,"column":6},"end":{"line":71,"column":null}},"24":{"start":{"line":70,"column":8},"end":{"line":70,"column":null}},"25":{"start":{"line":72,"column":6},"end":{"line":72,"column":null}},"26":{"start":{"line":74,"column":6},"end":{"line":74,"column":null}},"27":{"start":{"line":79,"column":44},"end":{"line":82,"column":null}},"28":{"start":{"line":84,"column":18},"end":{"line":84,"column":null}},"29":{"start":{"line":85,"column":4},"end":{"line":87,"column":null}},"30":{"start":{"line":86,"column":6},"end":{"line":86,"column":null}},"31":{"start":{"line":90,"column":10},"end":{"line":90,"column":null}},"32":{"start":{"line":91,"column":4},"end":{"line":96,"column":null}},"33":{"start":{"line":92,"column":19},"end":{"line":92,"column":null}},"34":{"start":{"line":93,"column":6},"end":{"line":95,"column":null}},"35":{"start":{"line":94,"column":8},"end":{"line":94,"column":null}},"36":{"start":{"line":98,"column":21},"end":{"line":102,"column":null}},"37":{"start":{"line":104,"column":4},"end":{"line":107,"column":null}},"38":{"start":{"line":105,"column":19},"end":{"line":105,"column":null}},"39":{"start":{"line":105,"column":54},"end":{"line":105,"column":82}},"40":{"start":{"line":106,"column":6},"end":{"line":106,"column":null}},"41":{"start":{"line":109,"column":17},"end":{"line":109,"column":null}},"42":{"start":{"line":110,"column":4},"end":{"line":110,"column":null}},"43":{"start":{"line":115,"column":4},"end":{"line":118,"column":null}},"44":{"start":{"line":122,"column":19},"end":{"line":125,"column":null}},"45":{"start":{"line":126,"column":4},"end":{"line":128,"column":null}},"46":{"start":{"line":127,"column":6},"end":{"line":127,"column":null}},"47":{"start":{"line":129,"column":4},"end":{"line":129,"column":null}},"48":{"start":{"line":133,"column":15},"end":{"line":133,"column":null}},"49":{"start":{"line":134,"column":4},"end":{"line":139,"column":null}},"50":{"start":{"line":138,"column":76},"end":{"line":138,"column":87}},"51":{"start":{"line":141,"column":4},"end":{"line":158,"column":null}},"52":{"start":{"line":142,"column":21},"end":{"line":145,"column":null}},"53":{"start":{"line":146,"column":6},"end":{"line":150,"column":null}},"54":{"start":{"line":151,"column":6},"end":{"line":153,"column":null}},"55":{"start":{"line":152,"column":8},"end":{"line":152,"column":null}},"56":{"start":{"line":154,"column":6},"end":{"line":154,"column":null}},"57":{"start":{"line":156,"column":6},"end":{"line":156,"column":null}},"58":{"start":{"line":157,"column":6},"end":{"line":157,"column":null}},"59":{"start":{"line":166,"column":4},"end":{"line":169,"column":null}},"60":{"start":{"line":176,"column":19},"end":{"line":179,"column":null}},"61":{"start":{"line":180,"column":4},"end":{"line":182,"column":null}},"62":{"start":{"line":181,"column":6},"end":{"line":181,"column":null}},"63":{"start":{"line":183,"column":4},"end":{"line":183,"column":null}},"64":{"start":{"line":191,"column":15},"end":{"line":191,"column":null}},"65":{"start":{"line":192,"column":4},"end":{"line":197,"column":null}},"66":{"start":{"line":196,"column":76},"end":{"line":196,"column":87}},"67":{"start":{"line":199,"column":4},"end":{"line":213,"column":null}},"68":{"start":{"line":200,"column":21},"end":{"line":203,"column":null}},"69":{"start":{"line":204,"column":6},"end":{"line":208,"column":null}},"70":{"start":{"line":209,"column":6},"end":{"line":209,"column":null}},"71":{"start":{"line":211,"column":6},"end":{"line":211,"column":null}},"72":{"start":{"line":212,"column":6},"end":{"line":212,"column":null}},"73":{"start":{"line":221,"column":15},"end":{"line":221,"column":null}},"74":{"start":{"line":222,"column":4},"end":{"line":226,"column":null}},"75":{"start":{"line":228,"column":4},"end":{"line":245,"column":null}},"76":{"start":{"line":229,"column":21},"end":{"line":232,"column":null}},"77":{"start":{"line":233,"column":6},"end":{"line":237,"column":null}},"78":{"start":{"line":238,"column":6},"end":{"line":240,"column":null}},"79":{"start":{"line":239,"column":8},"end":{"line":239,"column":null}},"80":{"start":{"line":241,"column":6},"end":{"line":241,"column":null}},"81":{"start":{"line":243,"column":6},"end":{"line":243,"column":null}},"82":{"start":{"line":244,"column":6},"end":{"line":244,"column":null}},"83":{"start":{"line":249,"column":19},"end":{"line":251,"column":null}},"84":{"start":{"line":252,"column":4},"end":{"line":254,"column":null}},"85":{"start":{"line":253,"column":6},"end":{"line":253,"column":null}},"86":{"start":{"line":255,"column":4},"end":{"line":255,"column":null}},"87":{"start":{"line":259,"column":19},"end":{"line":262,"column":null}},"88":{"start":{"line":263,"column":4},"end":{"line":263,"column":null}},"89":{"start":{"line":264,"column":4},"end":{"line":264,"column":null}},"90":{"start":{"line":265,"column":4},"end":{"line":265,"column":null}},"91":{"start":{"line":269,"column":4},"end":{"line":269,"column":null}},"92":{"start":{"line":273,"column":4},"end":{"line":273,"column":null}},"93":{"start":{"line":288,"column":21},"end":{"line":288,"column":null}},"94":{"start":{"line":289,"column":17},"end":{"line":289,"column":null}},"95":{"start":{"line":290,"column":4},"end":{"line":290,"column":null}},"96":{"start":{"line":291,"column":4},"end":{"line":291,"column":null}},"97":{"start":{"line":292,"column":4},"end":{"line":292,"column":null}},"98":{"start":{"line":293,"column":4},"end":{"line":293,"column":null}},"99":{"start":{"line":294,"column":4},"end":{"line":294,"column":null}},"100":{"start":{"line":295,"column":4},"end":{"line":295,"column":null}},"101":{"start":{"line":296,"column":4},"end":{"line":296,"column":null}},"102":{"start":{"line":298,"column":44},"end":{"line":298,"column":null}},"103":{"start":{"line":299,"column":4},"end":{"line":301,"column":null}},"104":{"start":{"line":300,"column":6},"end":{"line":300,"column":null}},"105":{"start":{"line":302,"column":17},"end":{"line":302,"column":null}},"106":{"start":{"line":303,"column":4},"end":{"line":305,"column":null}},"107":{"start":{"line":304,"column":6},"end":{"line":304,"column":null}},"108":{"start":{"line":307,"column":21},"end":{"line":311,"column":null}},"109":{"start":{"line":313,"column":4},"end":{"line":316,"column":null}},"110":{"start":{"line":314,"column":19},"end":{"line":314,"column":null}},"111":{"start":{"line":314,"column":54},"end":{"line":314,"column":81}},"112":{"start":{"line":315,"column":6},"end":{"line":315,"column":null}},"113":{"start":{"line":318,"column":4},"end":{"line":318,"column":null}},"114":{"start":{"line":322,"column":4},"end":{"line":322,"column":null}},"115":{"start":{"line":326,"column":4},"end":{"line":328,"column":null}},"116":{"start":{"line":339,"column":4},"end":{"line":342,"column":null}},"117":{"start":{"line":346,"column":4},"end":{"line":346,"column":null}},"118":{"start":{"line":350,"column":4},"end":{"line":353,"column":null}},"119":{"start":{"line":360,"column":44},"end":{"line":362,"column":null}},"120":{"start":{"line":363,"column":4},"end":{"line":365,"column":null}},"121":{"start":{"line":364,"column":6},"end":{"line":364,"column":null}},"122":{"start":{"line":367,"column":4},"end":{"line":375,"column":null}},"123":{"start":{"line":379,"column":4},"end":{"line":379,"column":null}},"124":{"start":{"line":383,"column":4},"end":{"line":385,"column":null}},"125":{"start":{"line":390,"column":4},"end":{"line":390,"column":null}},"126":{"start":{"line":394,"column":19},"end":{"line":397,"column":null}},"127":{"start":{"line":398,"column":4},"end":{"line":400,"column":null}},"128":{"start":{"line":399,"column":6},"end":{"line":399,"column":null}},"129":{"start":{"line":401,"column":4},"end":{"line":401,"column":null}},"130":{"start":{"line":406,"column":4},"end":{"line":406,"column":null}},"131":{"start":{"line":410,"column":4},"end":{"line":413,"column":null}},"132":{"start":{"line":417,"column":4},"end":{"line":417,"column":null}},"133":{"start":{"line":421,"column":4},"end":{"line":421,"column":null}},"134":{"start":{"line":425,"column":4},"end":{"line":427,"column":null}},"135":{"start":{"line":431,"column":4},"end":{"line":433,"column":null}},"136":{"start":{"line":437,"column":4},"end":{"line":437,"column":null}},"137":{"start":{"line":441,"column":19},"end":{"line":441,"column":null}}},"fnMap":{"0":{"name":"(anonymous_0)","decl":{"start":{"line":31,"column":2},"end":{"line":31,"column":11}},"loc":{"start":{"line":31,"column":33},"end":{"line":33,"column":null}},"line":31},"1":{"name":"(anonymous_1)","decl":{"start":{"line":35,"column":2},"end":{"line":35,"column":28}},"loc":{"start":{"line":35,"column":28},"end":{"line":37,"column":null}},"line":35},"2":{"name":"(anonymous_2)","decl":{"start":{"line":39,"column":2},"end":{"line":39,"column":15}},"loc":{"start":{"line":39,"column":37},"end":{"line":41,"column":null}},"line":39},"3":{"name":"(anonymous_3)","decl":{"start":{"line":43,"column":2},"end":{"line":43,"column":32}},"loc":{"start":{"line":43,"column":32},"end":{"line":52,"column":null}},"line":43},"4":{"name":"(anonymous_4)","decl":{"start":{"line":54,"column":16},"end":{"line":54,"column":33}},"loc":{"start":{"line":54,"column":106},"end":{"line":76,"column":null}},"line":54},"5":{"name":"(anonymous_5)","decl":{"start":{"line":56,"column":33},"end":{"line":56,"column":39}},"loc":{"start":{"line":56,"column":39},"end":{"line":56,"column":59}},"line":56},"6":{"name":"(anonymous_6)","decl":{"start":{"line":78,"column":16},"end":{"line":78,"column":27}},"loc":{"start":{"line":78,"column":93},"end":{"line":111,"column":null}},"line":78},"7":{"name":"(anonymous_7)","decl":{"start":{"line":105,"column":47},"end":{"line":105,"column":54}},"loc":{"start":{"line":105,"column":54},"end":{"line":105,"column":82}},"line":105},"8":{"name":"(anonymous_8)","decl":{"start":{"line":114,"column":8},"end":{"line":114,"column":17}},"loc":{"start":{"line":114,"column":94},"end":{"line":119,"column":null}},"line":114},"9":{"name":"(anonymous_9)","decl":{"start":{"line":121,"column":8},"end":{"line":121,"column":27}},"loc":{"start":{"line":121,"column":104},"end":{"line":130,"column":null}},"line":121},"10":{"name":"(anonymous_10)","decl":{"start":{"line":132,"column":8},"end":{"line":132,"column":14}},"loc":{"start":{"line":132,"column":101},"end":{"line":159,"column":null}},"line":132},"11":{"name":"(anonymous_11)","decl":{"start":{"line":138,"column":66},"end":{"line":138,"column":67}},"loc":{"start":{"line":138,"column":76},"end":{"line":138,"column":87}},"line":138},"12":{"name":"(anonymous_12)","decl":{"start":{"line":162,"column":8},"end":{"line":162,"column":null}},"loc":{"start":{"line":165,"column":61},"end":{"line":170,"column":null}},"line":165},"13":{"name":"(anonymous_13)","decl":{"start":{"line":172,"column":8},"end":{"line":172,"column":null}},"loc":{"start":{"line":175,"column":40},"end":{"line":184,"column":null}},"line":175},"14":{"name":"(anonymous_14)","decl":{"start":{"line":186,"column":8},"end":{"line":186,"column":null}},"loc":{"start":{"line":190,"column":72},"end":{"line":214,"column":null}},"line":190},"15":{"name":"(anonymous_15)","decl":{"start":{"line":196,"column":66},"end":{"line":196,"column":67}},"loc":{"start":{"line":196,"column":76},"end":{"line":196,"column":87}},"line":196},"16":{"name":"(anonymous_16)","decl":{"start":{"line":216,"column":8},"end":{"line":216,"column":null}},"loc":{"start":{"line":220,"column":40},"end":{"line":246,"column":null}},"line":220},"17":{"name":"(anonymous_17)","decl":{"start":{"line":248,"column":8},"end":{"line":248,"column":65}},"loc":{"start":{"line":248,"column":65},"end":{"line":256,"column":null}},"line":248},"18":{"name":"(anonymous_18)","decl":{"start":{"line":258,"column":8},"end":{"line":258,"column":60}},"loc":{"start":{"line":258,"column":60},"end":{"line":266,"column":null}},"line":258},"19":{"name":"(anonymous_19)","decl":{"start":{"line":268,"column":8},"end":{"line":268,"column":53}},"loc":{"start":{"line":268,"column":53},"end":{"line":270,"column":null}},"line":268},"20":{"name":"(anonymous_20)","decl":{"start":{"line":272,"column":8},"end":{"line":272,"column":60}},"loc":{"start":{"line":272,"column":60},"end":{"line":274,"column":null}},"line":272},"21":{"name":"(anonymous_21)","decl":{"start":{"line":277,"column":8},"end":{"line":277,"column":null}},"loc":{"start":{"line":287,"column":32},"end":{"line":319,"column":null}},"line":287},"22":{"name":"(anonymous_22)","decl":{"start":{"line":314,"column":47},"end":{"line":314,"column":54}},"loc":{"start":{"line":314,"column":54},"end":{"line":314,"column":81}},"line":314},"23":{"name":"(anonymous_23)","decl":{"start":{"line":321,"column":8},"end":{"line":321,"column":49}},"loc":{"start":{"line":321,"column":49},"end":{"line":323,"column":null}},"line":321},"24":{"name":"(anonymous_24)","decl":{"start":{"line":325,"column":8},"end":{"line":325,"column":19}},"loc":{"start":{"line":325,"column":78},"end":{"line":329,"column":null}},"line":325},"25":{"name":"(anonymous_25)","decl":{"start":{"line":332,"column":8},"end":{"line":332,"column":20}},"loc":{"start":{"line":338,"column":34},"end":{"line":343,"column":null}},"line":338},"26":{"name":"(anonymous_26)","decl":{"start":{"line":345,"column":8},"end":{"line":345,"column":21}},"loc":{"start":{"line":345,"column":71},"end":{"line":347,"column":null}},"line":345},"27":{"name":"(anonymous_27)","decl":{"start":{"line":349,"column":8},"end":{"line":349,"column":28}},"loc":{"start":{"line":349,"column":103},"end":{"line":354,"column":null}},"line":349},"28":{"name":"(anonymous_28)","decl":{"start":{"line":356,"column":8},"end":{"line":356,"column":null}},"loc":{"start":{"line":359,"column":23},"end":{"line":376,"column":null}},"line":359},"29":{"name":"(anonymous_29)","decl":{"start":{"line":378,"column":8},"end":{"line":378,"column":22}},"loc":{"start":{"line":378,"column":73},"end":{"line":380,"column":null}},"line":378},"30":{"name":"(anonymous_30)","decl":{"start":{"line":382,"column":8},"end":{"line":382,"column":24}},"loc":{"start":{"line":382,"column":84},"end":{"line":386,"column":null}},"line":382},"31":{"name":"(anonymous_31)","decl":{"start":{"line":389,"column":8},"end":{"line":389,"column":60}},"loc":{"start":{"line":389,"column":60},"end":{"line":391,"column":null}},"line":389},"32":{"name":"(anonymous_32)","decl":{"start":{"line":393,"column":8},"end":{"line":393,"column":22}},"loc":{"start":{"line":393,"column":91},"end":{"line":402,"column":null}},"line":393},"33":{"name":"(anonymous_33)","decl":{"start":{"line":405,"column":8},"end":{"line":405,"column":63}},"loc":{"start":{"line":405,"column":63},"end":{"line":407,"column":null}},"line":405},"34":{"name":"(anonymous_34)","decl":{"start":{"line":409,"column":8},"end":{"line":409,"column":28}},"loc":{"start":{"line":409,"column":105},"end":{"line":414,"column":null}},"line":409},"35":{"name":"(anonymous_35)","decl":{"start":{"line":416,"column":8},"end":{"line":416,"column":58}},"loc":{"start":{"line":416,"column":58},"end":{"line":418,"column":null}},"line":416},"36":{"name":"(anonymous_36)","decl":{"start":{"line":420,"column":8},"end":{"line":420,"column":63}},"loc":{"start":{"line":420,"column":63},"end":{"line":422,"column":null}},"line":420},"37":{"name":"(anonymous_37)","decl":{"start":{"line":424,"column":8},"end":{"line":424,"column":24}},"loc":{"start":{"line":424,"column":83},"end":{"line":428,"column":null}},"line":424},"38":{"name":"(anonymous_38)","decl":{"start":{"line":430,"column":8},"end":{"line":430,"column":76}},"loc":{"start":{"line":430,"column":76},"end":{"line":434,"column":null}},"line":430},"39":{"name":"(anonymous_39)","decl":{"start":{"line":436,"column":8},"end":{"line":436,"column":66}},"loc":{"start":{"line":436,"column":66},"end":{"line":438,"column":null}},"line":436}},"branchMap":{"0":{"loc":{"start":{"line":19,"column":17},"end":{"line":19,"column":null}},"type":"binary-expr","locations":[{"start":{"line":19,"column":17},"end":{"line":19,"column":49}},{"start":{"line":19,"column":49},"end":{"line":19,"column":null}}],"line":19},"1":{"loc":{"start":{"line":20,"column":0},"end":{"line":22,"column":null}},"type":"if","locations":[{"start":{"line":20,"column":0},"end":{"line":22,"column":null}},{"start":{},"end":{}}],"line":20},"2":{"loc":{"start":{"line":44,"column":4},"end":{"line":50,"column":null}},"type":"if","locations":[{"start":{"line":44,"column":4},"end":{"line":50,"column":null}},{"start":{},"end":{}}],"line":44},"3":{"loc":{"start":{"line":47,"column":6},"end":{"line":49,"column":null}},"type":"if","locations":[{"start":{"line":47,"column":6},"end":{"line":49,"column":null}},{"start":{},"end":{}}],"line":47},"4":{"loc":{"start":{"line":66,"column":6},"end":{"line":68,"column":null}},"type":"if","locations":[{"start":{"line":66,"column":6},"end":{"line":68,"column":null}},{"start":{},"end":{}}],"line":66},"5":{"loc":{"start":{"line":66,"column":10},"end":{"line":66,"column":72}},"type":"binary-expr","locations":[{"start":{"line":66,"column":10},"end":{"line":66,"column":43}},{"start":{"line":66,"column":43},"end":{"line":66,"column":72}}],"line":66},"6":{"loc":{"start":{"line":69,"column":6},"end":{"line":71,"column":null}},"type":"if","locations":[{"start":{"line":69,"column":6},"end":{"line":71,"column":null}},{"start":{},"end":{}}],"line":69},"7":{"loc":{"start":{"line":78,"column":41},"end":{"line":78,"column":93}},"type":"default-arg","locations":[{"start":{"line":78,"column":64},"end":{"line":78,"column":93}}],"line":78},"8":{"loc":{"start":{"line":85,"column":4},"end":{"line":87,"column":null}},"type":"if","locations":[{"start":{"line":85,"column":4},"end":{"line":87,"column":null}},{"start":{},"end":{}}],"line":85},"9":{"loc":{"start":{"line":90,"column":20},"end":{"line":90,"column":45}},"type":"binary-expr","locations":[{"start":{"line":90,"column":20},"end":{"line":90,"column":38}},{"start":{"line":90,"column":38},"end":{"line":90,"column":45}}],"line":90},"10":{"loc":{"start":{"line":91,"column":4},"end":{"line":96,"column":null}},"type":"if","locations":[{"start":{"line":91,"column":4},"end":{"line":96,"column":null}},{"start":{},"end":{}}],"line":91},"11":{"loc":{"start":{"line":91,"column":8},"end":{"line":91,"column":71}},"type":"binary-expr","locations":[{"start":{"line":91,"column":8},"end":{"line":91,"column":28}},{"start":{"line":91,"column":28},"end":{"line":91,"column":49}},{"start":{"line":91,"column":49},"end":{"line":91,"column":71}}],"line":91},"12":{"loc":{"start":{"line":93,"column":6},"end":{"line":95,"column":null}},"type":"if","locations":[{"start":{"line":93,"column":6},"end":{"line":95,"column":null}},{"start":{},"end":{}}],"line":93},"13":{"loc":{"start":{"line":104,"column":4},"end":{"line":107,"column":null}},"type":"if","locations":[{"start":{"line":104,"column":4},"end":{"line":107,"column":null}},{"start":{},"end":{}}],"line":104},"14":{"loc":{"start":{"line":106,"column":38},"end":{"line":106,"column":90}},"type":"binary-expr","locations":[{"start":{"line":106,"column":38},"end":{"line":106,"column":52}},{"start":{"line":106,"column":52},"end":{"line":106,"column":90}}],"line":106},"15":{"loc":{"start":{"line":126,"column":4},"end":{"line":128,"column":null}},"type":"if","locations":[{"start":{"line":126,"column":4},"end":{"line":128,"column":null}},{"start":{},"end":{}}],"line":126},"16":{"loc":{"start":{"line":126,"column":8},"end":{"line":126,"column":51}},"type":"binary-expr","locations":[{"start":{"line":126,"column":8},"end":{"line":126,"column":26}},{"start":{"line":126,"column":26},"end":{"line":126,"column":51}}],"line":126},"17":{"loc":{"start":{"line":133,"column":15},"end":{"line":133,"column":null}},"type":"binary-expr","locations":[{"start":{"line":133,"column":15},"end":{"line":133,"column":26}},{"start":{"line":133,"column":15},"end":{"line":133,"column":null}}],"line":133},"18":{"loc":{"start":{"line":151,"column":6},"end":{"line":153,"column":null}},"type":"if","locations":[{"start":{"line":151,"column":6},"end":{"line":153,"column":null}},{"start":{},"end":{}}],"line":151},"19":{"loc":{"start":{"line":151,"column":10},"end":{"line":151,"column":53}},"type":"binary-expr","locations":[{"start":{"line":151,"column":10},"end":{"line":151,"column":28}},{"start":{"line":151,"column":28},"end":{"line":151,"column":53}}],"line":151},"20":{"loc":{"start":{"line":180,"column":4},"end":{"line":182,"column":null}},"type":"if","locations":[{"start":{"line":180,"column":4},"end":{"line":182,"column":null}},{"start":{},"end":{}}],"line":180},"21":{"loc":{"start":{"line":180,"column":8},"end":{"line":180,"column":51}},"type":"binary-expr","locations":[{"start":{"line":180,"column":8},"end":{"line":180,"column":26}},{"start":{"line":180,"column":26},"end":{"line":180,"column":51}}],"line":180},"22":{"loc":{"start":{"line":191,"column":15},"end":{"line":191,"column":null}},"type":"binary-expr","locations":[{"start":{"line":191,"column":15},"end":{"line":191,"column":26}},{"start":{"line":191,"column":15},"end":{"line":191,"column":null}}],"line":191},"23":{"loc":{"start":{"line":221,"column":15},"end":{"line":221,"column":null}},"type":"binary-expr","locations":[{"start":{"line":221,"column":15},"end":{"line":221,"column":26}},{"start":{"line":221,"column":15},"end":{"line":221,"column":null}}],"line":221},"24":{"loc":{"start":{"line":238,"column":6},"end":{"line":240,"column":null}},"type":"if","locations":[{"start":{"line":238,"column":6},"end":{"line":240,"column":null}},{"start":{},"end":{}}],"line":238},"25":{"loc":{"start":{"line":238,"column":10},"end":{"line":238,"column":53}},"type":"binary-expr","locations":[{"start":{"line":238,"column":10},"end":{"line":238,"column":28}},{"start":{"line":238,"column":28},"end":{"line":238,"column":53}}],"line":238},"26":{"loc":{"start":{"line":252,"column":4},"end":{"line":254,"column":null}},"type":"if","locations":[{"start":{"line":252,"column":4},"end":{"line":254,"column":null}},{"start":{},"end":{}}],"line":252},"27":{"loc":{"start":{"line":252,"column":8},"end":{"line":252,"column":51}},"type":"binary-expr","locations":[{"start":{"line":252,"column":8},"end":{"line":252,"column":26}},{"start":{"line":252,"column":26},"end":{"line":252,"column":51}}],"line":252},"28":{"loc":{"start":{"line":299,"column":4},"end":{"line":301,"column":null}},"type":"if","locations":[{"start":{"line":299,"column":4},"end":{"line":301,"column":null}},{"start":{},"end":{}}],"line":299},"29":{"loc":{"start":{"line":303,"column":4},"end":{"line":305,"column":null}},"type":"if","locations":[{"start":{"line":303,"column":4},"end":{"line":305,"column":null}},{"start":{},"end":{}}],"line":303},"30":{"loc":{"start":{"line":313,"column":4},"end":{"line":316,"column":null}},"type":"if","locations":[{"start":{"line":313,"column":4},"end":{"line":316,"column":null}},{"start":{},"end":{}}],"line":313},"31":{"loc":{"start":{"line":315,"column":38},"end":{"line":315,"column":89}},"type":"binary-expr","locations":[{"start":{"line":315,"column":38},"end":{"line":315,"column":52}},{"start":{"line":315,"column":52},"end":{"line":315,"column":89}}],"line":315},"32":{"loc":{"start":{"line":358,"column":4},"end":{"line":358,"column":null}},"type":"default-arg","locations":[{"start":{"line":358,"column":78},"end":{"line":358,"column":null}}],"line":358},"33":{"loc":{"start":{"line":363,"column":4},"end":{"line":365,"column":null}},"type":"if","locations":[{"start":{"line":363,"column":4},"end":{"line":365,"column":null}},{"start":{},"end":{}}],"line":363},"34":{"loc":{"start":{"line":398,"column":4},"end":{"line":400,"column":null}},"type":"if","locations":[{"start":{"line":398,"column":4},"end":{"line":400,"column":null}},{"start":{},"end":{}}],"line":398},"35":{"loc":{"start":{"line":398,"column":8},"end":{"line":398,"column":51}},"type":"binary-expr","locations":[{"start":{"line":398,"column":8},"end":{"line":398,"column":26}},{"start":{"line":398,"column":26},"end":{"line":398,"column":51}}],"line":398}},"s":{"0":6,"1":6,"2":6,"3":6,"4":6,"5":6,"6":6,"7":3,"8":11,"9":4,"10":8,"11":6,"12":6,"13":0,"14":8,"15":9,"16":9,"17":0,"18":9,"19":9,"20":9,"21":0,"22":0,"23":0,"24":0,"25":0,"26":9,"27":9,"28":9,"29":9,"30":1,"31":9,"32":9,"33":8,"34":8,"35":2,"36":9,"37":9,"38":0,"39":0,"40":0,"41":9,"42":9,"43":1,"44":2,"45":2,"46":2,"47":2,"48":1,"49":1,"50":3,"51":1,"52":1,"53":1,"54":1,"55":1,"56":1,"57":0,"58":0,"59":1,"60":0,"61":0,"62":0,"63":0,"64":1,"65":1,"66":3,"67":1,"68":1,"69":1,"70":1,"71":0,"72":0,"73":1,"74":1,"75":1,"76":1,"77":1,"78":1,"79":1,"80":1,"81":0,"82":0,"83":0,"84":0,"85":0,"86":0,"87":0,"88":0,"89":0,"90":0,"91":1,"92":0,"93":0,"94":0,"95":0,"96":0,"97":0,"98":0,"99":0,"100":0,"101":0,"102":0,"103":0,"104":0,"105":0,"106":0,"107":0,"108":0,"109":0,"110":0,"111":0,"112":0,"113":0,"114":0,"115":0,"116":1,"117":0,"118":0,"119":0,"120":0,"121":0,"122":0,"123":0,"124":0,"125":0,"126":0,"127":0,"128":0,"129":0,"130":0,"131":0,"132":0,"133":0,"134":0,"135":0,"136":0,"137":6},"f":{"0":3,"1":11,"2":4,"3":8,"4":9,"5":0,"6":9,"7":0,"8":1,"9":2,"10":1,"11":3,"12":1,"13":0,"14":1,"15":3,"16":1,"17":0,"18":0,"19":1,"20":0,"21":0,"22":0,"23":0,"24":0,"25":1,"26":0,"27":0,"28":0,"29":0,"30":0,"31":0,"32":0,"33":0,"34":0,"35":0,"36":0,"37":0,"38":0,"39":0},"b":{"0":[6,6],"1":[6,0],"2":[6,2],"3":[0,6],"4":[0,0],"5":[0,0],"6":[0,0],"7":[9],"8":[1,8],"9":[9,1],"10":[8,1],"11":[9,8,8],"12":[2,6],"13":[0,9],"14":[0,0],"15":[2,0],"16":[2,2],"17":[1,1],"18":[1,0],"19":[1,1],"20":[0,0],"21":[0,0],"22":[1,1],"23":[1,1],"24":[1,0],"25":[1,1],"26":[0,0],"27":[0,0],"28":[0,0],"29":[0,0],"30":[0,0],"31":[0,0],"32":[0],"33":[0,0],"34":[0,0],"35":[0,0]},"meta":{"lastBranch":36,"lastFunction":40,"lastStatement":138,"seen":{"s:19:17:19:Infinity":0,"b:19:17:19:49:19:49:19:Infinity":0,"b:20:0:22:Infinity:undefined:undefined:undefined:undefined":1,"s:20:0:22:Infinity":1,"s:21:2:21:Infinity":2,"s:24:27:24:Infinity":3,"s:25:26:25:Infinity":4,"s:28:33:28:Infinity":5,"s:29:37:29:Infinity":6,"f:31:2:31:11":0,"s:32:4:32:Infinity":7,"f:35:2:35:28":1,"s:36:4:36:Infinity":8,"f:39:2:39:15":2,"s:40:4:40:Infinity":9,"f:43:2:43:32":3,"b:44:4:50:Infinity:undefined:undefined:undefined:undefined":2,"s:44:4:50:Infinity":10,"s:46:20:46:Infinity":11,"b:47:6:49:Infinity:undefined:undefined:undefined:undefined":3,"s:47:6:49:Infinity":12,"s:48:8:48:Infinity":13,"s:51:4:51:Infinity":14,"f:54:16:54:33":4,"s:55:23:55:Infinity":15,"s:56:22:56:Infinity":16,"f:56:33:56:39":5,"s:56:39:56:59":17,"s:58:4:75:Infinity":18,"s:59:23:63:Infinity":19,"s:64:6:64:Infinity":20,"b:66:6:68:Infinity:undefined:undefined:undefined:undefined":4,"s:66:6:68:Infinity":21,"b:66:10:66:43:66:43:66:72":5,"s:67:8:67:Infinity":22,"b:69:6:71:Infinity:undefined:undefined:undefined:undefined":6,"s:69:6:71:Infinity":23,"s:70:8:70:Infinity":24,"s:72:6:72:Infinity":25,"s:74:6:74:Infinity":26,"f:78:16:78:27":6,"b:78:64:78:93":7,"s:79:44:82:Infinity":27,"s:84:18:84:Infinity":28,"b:85:4:87:Infinity:undefined:undefined:undefined:undefined":8,"s:85:4:87:Infinity":29,"s:86:6:86:Infinity":30,"s:90:10:90:Infinity":31,"b:90:20:90:38:90:38:90:45":9,"b:91:4:96:Infinity:undefined:undefined:undefined:undefined":10,"s:91:4:96:Infinity":32,"b:91:8:91:28:91:28:91:49:91:49:91:71":11,"s:92:19:92:Infinity":33,"b:93:6:95:Infinity:undefined:undefined:undefined:undefined":12,"s:93:6:95:Infinity":34,"s:94:8:94:Infinity":35,"s:98:21:102:Infinity":36,"b:104:4:107:Infinity:undefined:undefined:undefined:undefined":13,"s:104:4:107:Infinity":37,"s:105:19:105:Infinity":38,"f:105:47:105:54":7,"s:105:54:105:82":39,"s:106:6:106:Infinity":40,"b:106:38:106:52:106:52:106:90":14,"s:109:17:109:Infinity":41,"s:110:4:110:Infinity":42,"f:114:8:114:17":8,"s:115:4:118:Infinity":43,"f:121:8:121:27":9,"s:122:19:125:Infinity":44,"b:126:4:128:Infinity:undefined:undefined:undefined:undefined":15,"s:126:4:128:Infinity":45,"b:126:8:126:26:126:26:126:51":16,"s:127:6:127:Infinity":46,"s:129:4:129:Infinity":47,"f:132:8:132:14":10,"s:133:15:133:Infinity":48,"b:133:15:133:26:133:15:133:Infinity":17,"s:134:4:139:Infinity":49,"f:138:66:138:67":11,"s:138:76:138:87":50,"s:141:4:158:Infinity":51,"s:142:21:145:Infinity":52,"s:146:6:150:Infinity":53,"b:151:6:153:Infinity:undefined:undefined:undefined:undefined":18,"s:151:6:153:Infinity":54,"b:151:10:151:28:151:28:151:53":19,"s:152:8:152:Infinity":55,"s:154:6:154:Infinity":56,"s:156:6:156:Infinity":57,"s:157:6:157:Infinity":58,"f:162:8:162:Infinity":12,"s:166:4:169:Infinity":59,"f:172:8:172:Infinity":13,"s:176:19:179:Infinity":60,"b:180:4:182:Infinity:undefined:undefined:undefined:undefined":20,"s:180:4:182:Infinity":61,"b:180:8:180:26:180:26:180:51":21,"s:181:6:181:Infinity":62,"s:183:4:183:Infinity":63,"f:186:8:186:Infinity":14,"s:191:15:191:Infinity":64,"b:191:15:191:26:191:15:191:Infinity":22,"s:192:4:197:Infinity":65,"f:196:66:196:67":15,"s:196:76:196:87":66,"s:199:4:213:Infinity":67,"s:200:21:203:Infinity":68,"s:204:6:208:Infinity":69,"s:209:6:209:Infinity":70,"s:211:6:211:Infinity":71,"s:212:6:212:Infinity":72,"f:216:8:216:Infinity":16,"s:221:15:221:Infinity":73,"b:221:15:221:26:221:15:221:Infinity":23,"s:222:4:226:Infinity":74,"s:228:4:245:Infinity":75,"s:229:21:232:Infinity":76,"s:233:6:237:Infinity":77,"b:238:6:240:Infinity:undefined:undefined:undefined:undefined":24,"s:238:6:240:Infinity":78,"b:238:10:238:28:238:28:238:53":25,"s:239:8:239:Infinity":79,"s:241:6:241:Infinity":80,"s:243:6:243:Infinity":81,"s:244:6:244:Infinity":82,"f:248:8:248:65":17,"s:249:19:251:Infinity":83,"b:252:4:254:Infinity:undefined:undefined:undefined:undefined":26,"s:252:4:254:Infinity":84,"b:252:8:252:26:252:26:252:51":27,"s:253:6:253:Infinity":85,"s:255:4:255:Infinity":86,"f:258:8:258:60":18,"s:259:19:262:Infinity":87,"s:263:4:263:Infinity":88,"s:264:4:264:Infinity":89,"s:265:4:265:Infinity":90,"f:268:8:268:53":19,"s:269:4:269:Infinity":91,"f:272:8:272:60":20,"s:273:4:273:Infinity":92,"f:277:8:277:Infinity":21,"s:288:21:288:Infinity":93,"s:289:17:289:Infinity":94,"s:290:4:290:Infinity":95,"s:291:4:291:Infinity":96,"s:292:4:292:Infinity":97,"s:293:4:293:Infinity":98,"s:294:4:294:Infinity":99,"s:295:4:295:Infinity":100,"s:296:4:296:Infinity":101,"s:298:44:298:Infinity":102,"b:299:4:301:Infinity:undefined:undefined:undefined:undefined":28,"s:299:4:301:Infinity":103,"s:300:6:300:Infinity":104,"s:302:17:302:Infinity":105,"b:303:4:305:Infinity:undefined:undefined:undefined:undefined":29,"s:303:4:305:Infinity":106,"s:304:6:304:Infinity":107,"s:307:21:311:Infinity":108,"b:313:4:316:Infinity:undefined:undefined:undefined:undefined":30,"s:313:4:316:Infinity":109,"s:314:19:314:Infinity":110,"f:314:47:314:54":22,"s:314:54:314:81":111,"s:315:6:315:Infinity":112,"b:315:38:315:52:315:52:315:89":31,"s:318:4:318:Infinity":113,"f:321:8:321:49":23,"s:322:4:322:Infinity":114,"f:325:8:325:19":24,"s:326:4:328:Infinity":115,"f:332:8:332:20":25,"s:339:4:342:Infinity":116,"f:345:8:345:21":26,"s:346:4:346:Infinity":117,"f:349:8:349:28":27,"s:350:4:353:Infinity":118,"f:356:8:356:Infinity":28,"b:358:78:358:Infinity":32,"s:360:44:362:Infinity":119,"b:363:4:365:Infinity:undefined:undefined:undefined:undefined":33,"s:363:4:365:Infinity":120,"s:364:6:364:Infinity":121,"s:367:4:375:Infinity":122,"f:378:8:378:22":29,"s:379:4:379:Infinity":123,"f:382:8:382:24":30,"s:383:4:385:Infinity":124,"f:389:8:389:60":31,"s:390:4:390:Infinity":125,"f:393:8:393:22":32,"s:394:19:397:Infinity":126,"b:398:4:400:Infinity:undefined:undefined:undefined:undefined":34,"s:398:4:400:Infinity":127,"b:398:8:398:26:398:26:398:51":35,"s:399:6:399:Infinity":128,"s:401:4:401:Infinity":129,"f:405:8:405:63":33,"s:406:4:406:Infinity":130,"f:409:8:409:28":34,"s:410:4:413:Infinity":131,"f:416:8:416:58":35,"s:417:4:417:Infinity":132,"f:420:8:420:63":36,"s:421:4:421:Infinity":133,"f:424:8:424:24":37,"s:425:4:427:Infinity":134,"f:430:8:430:76":38,"s:431:4:433:Infinity":135,"f:436:8:436:66":39,"s:437:4:437:Infinity":136,"s:441:19:441:Infinity":137}}}
,"C:\\dev\\prj\\Github\\SecuShare\\frontend\\src\\services\\authTrace.ts": {"path":"C:\\dev\\prj\\Github\\SecuShare\\frontend\\src\\services\\authTrace.ts","statementMap":{"0":{"start":{"line":1,"column":31},"end":{"line":1,"column":null}},"1":{"start":{"line":4,"column":2},"end":{"line":8,"column":null}},"2":{"start":{"line":5,"column":4},"end":{"line":5,"column":null}},"3":{"start":{"line":7,"column":4},"end":{"line":7,"column":null}},"4":{"start":{"line":12,"column":2},"end":{"line":14,"column":null}},"5":{"start":{"line":13,"column":4},"end":{"line":13,"column":null}},"6":{"start":{"line":15,"column":2},"end":{"line":17,"column":null}},"7":{"start":{"line":16,"column":4},"end":{"line":16,"column":null}},"8":{"start":{"line":18,"column":2},"end":{"line":18,"column":null}},"9":{"start":{"line":22,"column":2},"end":{"line":22,"column":null}},"10":{"start":{"line":26,"column":18},"end":{"line":26,"column":null}},"11":{"start":{"line":27,"column":16},"end":{"line":27,"column":null}},"12":{"start":{"line":28,"column":2},"end":{"line":30,"column":null}},"13":{"start":{"line":29,"column":4},"end":{"line":29,"column":null}},"14":{"start":{"line":32,"column":16},"end":{"line":32,"column":null}},"15":{"start":{"line":33,"column":17},"end":{"line":33,"column":null}},"16":{"start":{"line":34,"column":2},"end":{"line":34,"column":null}},"17":{"start":{"line":38,"column":2},"end":{"line":40,"column":null}},"18":{"start":{"line":39,"column":4},"end":{"line":39,"column":null}},"19":{"start":{"line":41,"column":2},"end":{"line":41,"column":null}},"20":{"start":{"line":50,"column":2},"end":{"line":52,"column":null}},"21":{"start":{"line":51,"column":4},"end":{"line":51,"column":null}},"22":{"start":{"line":54,"column":43},"end":{"line":57,"column":null}},"23":{"start":{"line":58,"column":2},"end":{"line":60,"column":null}},"24":{"start":{"line":59,"column":4},"end":{"line":59,"column":null}},"25":{"start":{"line":61,"column":2},"end":{"line":61,"column":null}}},"fnMap":{"0":{"name":"readSessionFlag","decl":{"start":{"line":3,"column":9},"end":{"line":3,"column":42}},"loc":{"start":{"line":3,"column":42},"end":{"line":9,"column":null}},"line":3},"1":{"name":"isAuthDebugEnabled","decl":{"start":{"line":11,"column":16},"end":{"line":11,"column":46}},"loc":{"start":{"line":11,"column":46},"end":{"line":19,"column":null}},"line":11},"2":{"name":"newAuthTraceId","decl":{"start":{"line":21,"column":16},"end":{"line":21,"column":31}},"loc":{"start":{"line":21,"column":56},"end":{"line":23,"column":null}},"line":21},"3":{"name":"emailHint","decl":{"start":{"line":25,"column":16},"end":{"line":25,"column":26}},"loc":{"start":{"line":25,"column":49},"end":{"line":35,"column":null}},"line":25},"4":{"name":"authTrace","decl":{"start":{"line":37,"column":16},"end":{"line":37,"column":26}},"loc":{"start":{"line":37,"column":98},"end":{"line":42,"column":null}},"line":37},"5":{"name":"authTraceError","decl":{"start":{"line":44,"column":16},"end":{"line":44,"column":null}},"loc":{"start":{"line":49,"column":8},"end":{"line":62,"column":null}},"line":49}},"branchMap":{"0":{"loc":{"start":{"line":12,"column":2},"end":{"line":14,"column":null}},"type":"if","locations":[{"start":{"line":12,"column":2},"end":{"line":14,"column":null}},{"start":{},"end":{}}],"line":12},"1":{"loc":{"start":{"line":15,"column":2},"end":{"line":17,"column":null}},"type":"if","locations":[{"start":{"line":15,"column":2},"end":{"line":17,"column":null}},{"start":{},"end":{}}],"line":15},"2":{"loc":{"start":{"line":21,"column":31},"end":{"line":21,"column":56}},"type":"default-arg","locations":[{"start":{"line":21,"column":40},"end":{"line":21,"column":56}}],"line":21},"3":{"loc":{"start":{"line":28,"column":2},"end":{"line":30,"column":null}},"type":"if","locations":[{"start":{"line":28,"column":2},"end":{"line":30,"column":null}},{"start":{},"end":{}}],"line":28},"4":{"loc":{"start":{"line":38,"column":2},"end":{"line":40,"column":null}},"type":"if","locations":[{"start":{"line":38,"column":2},"end":{"line":40,"column":null}},{"start":{},"end":{}}],"line":38},"5":{"loc":{"start":{"line":41,"column":51},"end":{"line":41,"column":64}},"type":"binary-expr","locations":[{"start":{"line":41,"column":51},"end":{"line":41,"column":62}},{"start":{"line":41,"column":62},"end":{"line":41,"column":64}}],"line":41},"6":{"loc":{"start":{"line":50,"column":2},"end":{"line":52,"column":null}},"type":"if","locations":[{"start":{"line":50,"column":2},"end":{"line":52,"column":null}},{"start":{},"end":{}}],"line":50},"7":{"loc":{"start":{"line":55,"column":8},"end":{"line":55,"column":null}},"type":"binary-expr","locations":[{"start":{"line":55,"column":8},"end":{"line":55,"column":19}},{"start":{"line":55,"column":19},"end":{"line":55,"column":null}}],"line":55},"8":{"loc":{"start":{"line":56,"column":11},"end":{"line":56,"column":null}},"type":"cond-expr","locations":[{"start":{"line":56,"column":36},"end":{"line":56,"column":52}},{"start":{"line":56,"column":52},"end":{"line":56,"column":null}}],"line":56},"9":{"loc":{"start":{"line":58,"column":2},"end":{"line":60,"column":null}},"type":"if","locations":[{"start":{"line":58,"column":2},"end":{"line":60,"column":null}},{"start":{},"end":{}}],"line":58},"10":{"loc":{"start":{"line":58,"column":6},"end":{"line":58,"column":45}},"type":"binary-expr","locations":[{"start":{"line":58,"column":6},"end":{"line":58,"column":32}},{"start":{"line":58,"column":32},"end":{"line":58,"column":45}}],"line":58}},"s":{"0":6,"1":0,"2":0,"3":0,"4":6,"5":6,"6":0,"7":0,"8":0,"9":3,"10":2,"11":2,"12":2,"13":0,"14":2,"15":2,"16":2,"17":6,"18":0,"19":6,"20":0,"21":0,"22":0,"23":0,"24":0,"25":0},"f":{"0":0,"1":6,"2":3,"3":2,"4":6,"5":0},"b":{"0":[6,0],"1":[0,0],"2":[3],"3":[0,2],"4":[0,6],"5":[6,0],"6":[0,0],"7":[0,0],"8":[0,0],"9":[0,0],"10":[0,0]},"meta":{"lastBranch":11,"lastFunction":6,"lastStatement":26,"seen":{"s:1:31:1:Infinity":0,"f:3:9:3:42":0,"s:4:2:8:Infinity":1,"s:5:4:5:Infinity":2,"s:7:4:7:Infinity":3,"f:11:16:11:46":1,"b:12:2:14:Infinity:undefined:undefined:undefined:undefined":0,"s:12:2:14:Infinity":4,"s:13:4:13:Infinity":5,"b:15:2:17:Infinity:undefined:undefined:undefined:undefined":1,"s:15:2:17:Infinity":6,"s:16:4:16:Infinity":7,"s:18:2:18:Infinity":8,"f:21:16:21:31":2,"b:21:40:21:56":2,"s:22:2:22:Infinity":9,"f:25:16:25:26":3,"s:26:18:26:Infinity":10,"s:27:16:27:Infinity":11,"b:28:2:30:Infinity:undefined:undefined:undefined:undefined":3,"s:28:2:30:Infinity":12,"s:29:4:29:Infinity":13,"s:32:16:32:Infinity":14,"s:33:17:33:Infinity":15,"s:34:2:34:Infinity":16,"f:37:16:37:26":4,"b:38:2:40:Infinity:undefined:undefined:undefined:undefined":4,"s:38:2:40:Infinity":17,"s:39:4:39:Infinity":18,"s:41:2:41:Infinity":19,"b:41:51:41:62:41:62:41:64":5,"f:44:16:44:Infinity":5,"b:50:2:52:Infinity:undefined:undefined:undefined:undefined":6,"s:50:2:52:Infinity":20,"s:51:4:51:Infinity":21,"s:54:43:57:Infinity":22,"b:55:8:55:19:55:19:55:Infinity":7,"b:56:36:56:52:56:52:56:Infinity":8,"b:58:2:60:Infinity:undefined:undefined:undefined:undefined":9,"s:58:2:60:Infinity":23,"b:58:6:58:32:58:32:58:45":10,"s:59:4:59:Infinity":24,"s:61:2:61:Infinity":25}}}
,"C:\\dev\\prj\\Github\\SecuShare\\frontend\\src\\services\\cryptoService.ts": {"path":"C:\\dev\\prj\\Github\\SecuShare\\frontend\\src\\services\\cryptoService.ts","statementMap":{"0":{"start":{"line":3,"column":18},"end":{"line":3,"column":null}},"1":{"start":{"line":4,"column":19},"end":{"line":4,"column":null}},"2":{"start":{"line":5,"column":18},"end":{"line":5,"column":null}},"3":{"start":{"line":17,"column":14},"end":{"line":21,"column":null}},"4":{"start":{"line":23,"column":22},"end":{"line":23,"column":null}},"5":{"start":{"line":24,"column":20},"end":{"line":24,"column":null}},"6":{"start":{"line":26,"column":2},"end":{"line":26,"column":null}},"7":{"start":{"line":30,"column":29},"end":{"line":30,"column":null}},"8":{"start":{"line":31,"column":13},"end":{"line":31,"column":null}},"9":{"start":{"line":32,"column":19},"end":{"line":32,"column":null}},"10":{"start":{"line":34,"column":21},"end":{"line":34,"column":null}},"11":{"start":{"line":36,"column":24},"end":{"line":40,"column":null}},"12":{"start":{"line":42,"column":19},"end":{"line":42,"column":null}},"13":{"start":{"line":44,"column":2},"end":{"line":51,"column":null}},"14":{"start":{"line":59,"column":14},"end":{"line":59,"column":null}},"15":{"start":{"line":60,"column":13},"end":{"line":60,"column":null}},"16":{"start":{"line":62,"column":24},"end":{"line":66,"column":null}},"17":{"start":{"line":68,"column":2},"end":{"line":68,"column":null}},"18":{"start":{"line":72,"column":25},"end":{"line":72,"column":null}},"19":{"start":{"line":73,"column":2},"end":{"line":73,"column":null}},"20":{"start":{"line":77,"column":21},"end":{"line":77,"column":null}},"21":{"start":{"line":78,"column":2},"end":{"line":78,"column":null}},"22":{"start":{"line":82,"column":18},"end":{"line":82,"column":null}},"23":{"start":{"line":83,"column":2},"end":{"line":89,"column":null}},"24":{"start":{"line":93,"column":18},"end":{"line":93,"column":null}},"25":{"start":{"line":94,"column":22},"end":{"line":100,"column":null}},"26":{"start":{"line":102,"column":2},"end":{"line":113,"column":null}},"27":{"start":{"line":120,"column":15},"end":{"line":120,"column":null}},"28":{"start":{"line":121,"column":13},"end":{"line":121,"column":null}},"29":{"start":{"line":123,"column":21},"end":{"line":123,"column":null}},"30":{"start":{"line":125,"column":18},"end":{"line":125,"column":null}},"31":{"start":{"line":126,"column":18},"end":{"line":126,"column":null}},"32":{"start":{"line":128,"column":23},"end":{"line":132,"column":null}},"33":{"start":{"line":134,"column":2},"end":{"line":138,"column":null}},"34":{"start":{"line":147,"column":15},"end":{"line":147,"column":null}},"35":{"start":{"line":148,"column":13},"end":{"line":148,"column":null}},"36":{"start":{"line":150,"column":21},"end":{"line":150,"column":null}},"37":{"start":{"line":152,"column":23},"end":{"line":152,"column":null}},"38":{"start":{"line":154,"column":23},"end":{"line":158,"column":null}},"39":{"start":{"line":160,"column":18},"end":{"line":160,"column":null}},"40":{"start":{"line":161,"column":2},"end":{"line":161,"column":null}},"41":{"start":{"line":165,"column":16},"end":{"line":165,"column":null}},"42":{"start":{"line":166,"column":15},"end":{"line":166,"column":null}},"43":{"start":{"line":167,"column":2},"end":{"line":169,"column":null}},"44":{"start":{"line":167,"column":15},"end":{"line":167,"column":18}},"45":{"start":{"line":168,"column":4},"end":{"line":168,"column":null}},"46":{"start":{"line":170,"column":2},"end":{"line":170,"column":null}},"47":{"start":{"line":174,"column":17},"end":{"line":174,"column":null}},"48":{"start":{"line":175,"column":16},"end":{"line":175,"column":null}},"49":{"start":{"line":176,"column":2},"end":{"line":178,"column":null}},"50":{"start":{"line":176,"column":15},"end":{"line":176,"column":18}},"51":{"start":{"line":177,"column":4},"end":{"line":177,"column":null}},"52":{"start":{"line":179,"column":2},"end":{"line":179,"column":null}},"53":{"start":{"line":183,"column":16},"end":{"line":183,"column":null}},"54":{"start":{"line":184,"column":2},"end":{"line":186,"column":null}},"55":{"start":{"line":185,"column":14},"end":{"line":185,"column":45}},"56":{"start":{"line":190,"column":2},"end":{"line":190,"column":null}},"57":{"start":{"line":190,"column":19},"end":{"line":190,"column":null}},"58":{"start":{"line":191,"column":12},"end":{"line":191,"column":null}},"59":{"start":{"line":192,"column":16},"end":{"line":192,"column":null}},"60":{"start":{"line":193,"column":12},"end":{"line":193,"column":null}},"61":{"start":{"line":194,"column":2},"end":{"line":194,"column":null}}},"fnMap":{"0":{"name":"generateKey","decl":{"start":{"line":16,"column":22},"end":{"line":16,"column":84}},"loc":{"start":{"line":16,"column":84},"end":{"line":27,"column":null}},"line":16},"1":{"name":"encryptFile","decl":{"start":{"line":29,"column":22},"end":{"line":29,"column":34}},"loc":{"start":{"line":29,"column":70},"end":{"line":52,"column":null}},"line":29},"2":{"name":"decryptFile","decl":{"start":{"line":54,"column":22},"end":{"line":54,"column":null}},"loc":{"start":{"line":58,"column":24},"end":{"line":69,"column":null}},"line":58},"3":{"name":"verifyChecksum","decl":{"start":{"line":71,"column":22},"end":{"line":71,"column":37}},"loc":{"start":{"line":71,"column":100},"end":{"line":74,"column":null}},"line":71},"4":{"name":"calculateSHA256","decl":{"start":{"line":76,"column":22},"end":{"line":76,"column":38}},"loc":{"start":{"line":76,"column":74},"end":{"line":79,"column":null}},"line":76},"5":{"name":"importKey","decl":{"start":{"line":81,"column":15},"end":{"line":81,"column":25}},"loc":{"start":{"line":81,"column":64},"end":{"line":90,"column":null}},"line":81},"6":{"name":"deriveKeyFromPassword","decl":{"start":{"line":92,"column":22},"end":{"line":92,"column":44}},"loc":{"start":{"line":92,"column":100},"end":{"line":114,"column":null}},"line":92},"7":{"name":"encryptKeyWithPassword","decl":{"start":{"line":116,"column":22},"end":{"line":116,"column":null}},"loc":{"start":{"line":119,"column":63},"end":{"line":139,"column":null}},"line":119},"8":{"name":"decryptKeyWithPassword","decl":{"start":{"line":141,"column":22},"end":{"line":141,"column":null}},"loc":{"start":{"line":146,"column":19},"end":{"line":162,"column":null}},"line":146},"9":{"name":"arrayBufferToBase64","decl":{"start":{"line":164,"column":9},"end":{"line":164,"column":29}},"loc":{"start":{"line":164,"column":71},"end":{"line":171,"column":null}},"line":164},"10":{"name":"base64ToArrayBuffer","decl":{"start":{"line":173,"column":9},"end":{"line":173,"column":29}},"loc":{"start":{"line":173,"column":57},"end":{"line":180,"column":null}},"line":173},"11":{"name":"arrayBufferToHex","decl":{"start":{"line":182,"column":9},"end":{"line":182,"column":26}},"loc":{"start":{"line":182,"column":55},"end":{"line":187,"column":null}},"line":182},"12":{"name":"(anonymous_12)","decl":{"start":{"line":185,"column":9},"end":{"line":185,"column":14}},"loc":{"start":{"line":185,"column":14},"end":{"line":185,"column":45}},"line":185},"13":{"name":"formatFileSize","decl":{"start":{"line":189,"column":16},"end":{"line":189,"column":31}},"loc":{"start":{"line":189,"column":54},"end":{"line":195,"column":null}},"line":189}},"branchMap":{"0":{"loc":{"start":{"line":165,"column":16},"end":{"line":165,"column":null}},"type":"cond-expr","locations":[{"start":{"line":165,"column":47},"end":{"line":165,"column":56}},{"start":{"line":165,"column":56},"end":{"line":165,"column":null}}],"line":165},"1":{"loc":{"start":{"line":190,"column":2},"end":{"line":190,"column":null}},"type":"if","locations":[{"start":{"line":190,"column":2},"end":{"line":190,"column":null}},{"start":{},"end":{}}],"line":190}},"s":{"0":1,"1":1,"2":1,"3":2,"4":2,"5":2,"6":2,"7":1,"8":1,"9":1,"10":1,"11":1,"12":1,"13":1,"14":0,"15":0,"16":0,"17":0,"18":1,"19":1,"20":4,"21":4,"22":0,"23":0,"24":0,"25":0,"26":0,"27":0,"28":0,"29":0,"30":0,"31":0,"32":0,"33":0,"34":0,"35":0,"36":0,"37":0,"38":0,"39":0,"40":0,"41":3,"42":3,"43":3,"44":3,"45":76,"46":3,"47":0,"48":0,"49":0,"50":0,"51":0,"52":0,"53":4,"54":4,"55":128,"56":6,"57":1,"58":5,"59":5,"60":5,"61":5},"f":{"0":2,"1":1,"2":0,"3":1,"4":4,"5":0,"6":0,"7":0,"8":0,"9":3,"10":0,"11":4,"12":128,"13":6},"b":{"0":[0,3],"1":[1,5]},"meta":{"lastBranch":2,"lastFunction":14,"lastStatement":62,"seen":{"s:3:18:3:Infinity":0,"s:4:19:4:Infinity":1,"s:5:18:5:Infinity":2,"f:16:22:16:84":0,"s:17:14:21:Infinity":3,"s:23:22:23:Infinity":4,"s:24:20:24:Infinity":5,"s:26:2:26:Infinity":6,"f:29:22:29:34":1,"s:30:29:30:Infinity":7,"s:31:13:31:Infinity":8,"s:32:19:32:Infinity":9,"s:34:21:34:Infinity":10,"s:36:24:40:Infinity":11,"s:42:19:42:Infinity":12,"s:44:2:51:Infinity":13,"f:54:22:54:Infinity":2,"s:59:14:59:Infinity":14,"s:60:13:60:Infinity":15,"s:62:24:66:Infinity":16,"s:68:2:68:Infinity":17,"f:71:22:71:37":3,"s:72:25:72:Infinity":18,"s:73:2:73:Infinity":19,"f:76:22:76:38":4,"s:77:21:77:Infinity":20,"s:78:2:78:Infinity":21,"f:81:15:81:25":5,"s:82:18:82:Infinity":22,"s:83:2:89:Infinity":23,"f:92:22:92:44":6,"s:93:18:93:Infinity":24,"s:94:22:100:Infinity":25,"s:102:2:113:Infinity":26,"f:116:22:116:Infinity":7,"s:120:15:120:Infinity":27,"s:121:13:121:Infinity":28,"s:123:21:123:Infinity":29,"s:125:18:125:Infinity":30,"s:126:18:126:Infinity":31,"s:128:23:132:Infinity":32,"s:134:2:138:Infinity":33,"f:141:22:141:Infinity":8,"s:147:15:147:Infinity":34,"s:148:13:148:Infinity":35,"s:150:21:150:Infinity":36,"s:152:23:152:Infinity":37,"s:154:23:158:Infinity":38,"s:160:18:160:Infinity":39,"s:161:2:161:Infinity":40,"f:164:9:164:29":9,"s:165:16:165:Infinity":41,"b:165:47:165:56:165:56:165:Infinity":0,"s:166:15:166:Infinity":42,"s:167:2:169:Infinity":43,"s:167:15:167:18":44,"s:168:4:168:Infinity":45,"s:170:2:170:Infinity":46,"f:173:9:173:29":10,"s:174:17:174:Infinity":47,"s:175:16:175:Infinity":48,"s:176:2:178:Infinity":49,"s:176:15:176:18":50,"s:177:4:177:Infinity":51,"s:179:2:179:Infinity":52,"f:182:9:182:26":11,"s:183:16:183:Infinity":53,"s:184:2:186:Infinity":54,"f:185:9:185:14":12,"s:185:14:185:45":55,"f:189:16:189:31":13,"b:190:2:190:Infinity:undefined:undefined:undefined:undefined":1,"s:190:2:190:Infinity":56,"s:190:19:190:Infinity":57,"s:191:12:191:Infinity":58,"s:192:16:192:Infinity":59,"s:193:12:193:Infinity":60,"s:194:2:194:Infinity":61}}}
}
